<?xml version="1.0" encoding="UTF-8"?>
<coverage generated="1746037802016" clover="3.2.0">
  <project timestamp="1746037802016" name="All files">
    <metrics statements="17" coveredstatements="17" conditionals="0" coveredconditionals="0" methods="1" coveredmethods="1" elements="18" coveredelements="18" complexity="0" loc="17" ncloc="17" packages="1" files="1" classes="1"/>
    <file name="app.js" path="C:\Users\USER\SE-EVENT-MANAGEMENT-SYSTEM\src\notification-service\app.js">
      <metrics statements="17" coveredstatements="17" conditionals="0" coveredconditionals="0" methods="1" coveredmethods="1"/>
      <line num="1" count="1" type="stmt"/>
      <line num="2" count="1" type="stmt"/>
      <line num="3" count="1" type="stmt"/>
      <line num="4" count="1" type="stmt"/>
      <line num="6" count="1" type="stmt"/>
      <line num="8" count="1" type="stmt"/>
      <line num="9" count="1" type="stmt"/>
      <line num="10" count="1" type="stmt"/>
      <line num="13" count="1" type="stmt"/>
      <line num="21" count="1" type="stmt"/>
      <line num="22" count="3" type="stmt"/>
      <line num="23" count="3" type="stmt"/>
      <line num="25" count="3" type="stmt"/>
      <line num="32" count="3" type="stmt"/>
      <line num="33" count="1" type="stmt"/>
      <line num="35" count="2" type="stmt"/>
      <line num="43" count="1" type="stmt"/>
    </file>
  </project>
</coverage>
