<?xml version="1.0" encoding="UTF-8"?>
<coverage generated="1745996296081" clover="3.2.0">
  <project timestamp="1745996296081" name="All files">
    <metrics statements="47" coveredstatements="47" conditionals="26" coveredconditionals="26" methods="4" coveredmethods="4" elements="77" coveredelements="77" complexity="0" loc="47" ncloc="47" packages="1" files="1" classes="1"/>
    <file name="app.js" path="C:\Users\USER\SE-EVENT-MANAGEMENT-SYSTEM\src\payment-service\app.js">
      <metrics statements="47" coveredstatements="47" conditionals="26" coveredconditionals="26" methods="4" coveredmethods="4"/>
      <line num="1" count="1" type="stmt"/>
      <line num="2" count="1" type="stmt"/>
      <line num="3" count="1" type="stmt"/>
      <line num="4" count="1" type="stmt"/>
      <line num="6" count="1" type="stmt"/>
      <line num="7" count="1" type="stmt"/>
      <line num="8" count="1" type="stmt"/>
      <line num="11" count="1" type="stmt"/>
      <line num="17" count="1" type="stmt"/>
      <line num="27" count="1" type="stmt"/>
      <line num="30" count="1" type="stmt"/>
      <line num="31" count="15" type="stmt"/>
      <line num="32" count="15" type="cond" truecount="2" falsecount="0"/>
      <line num="33" count="5" type="cond" truecount="4" falsecount="0"/>
      <line num="34" count="3" type="cond" truecount="4" falsecount="0"/>
      <line num="35" count="2" type="cond" truecount="2" falsecount="0"/>
      <line num="36" count="1" type="stmt"/>
      <line num="40" count="1" type="stmt"/>
      <line num="41" count="17" type="stmt"/>
      <line num="49" count="17" type="stmt"/>
      <line num="52" count="17" type="cond" truecount="8" falsecount="0"/>
      <line num="53" count="1" type="stmt"/>
      <line num="59" count="16" type="stmt"/>
      <line num="60" count="16" type="cond" truecount="2" falsecount="0"/>
      <line num="61" count="1" type="stmt"/>
      <line num="67" count="15" type="stmt"/>
      <line num="70" count="15" type="stmt"/>
      <line num="73" count="15" type="stmt"/>
      <line num="83" count="15" type="stmt"/>
      <line num="85" count="14" type="stmt"/>
      <line num="87" count="1" type="stmt"/>
      <line num="93" count="1" type="stmt"/>
      <line num="94" count="3" type="stmt"/>
      <line num="95" count="3" type="stmt"/>
      <line num="98" count="3" type="stmt"/>
      <line num="103" count="2" type="cond" truecount="2" falsecount="0"/>
      <line num="104" count="1" type="stmt"/>
      <line num="109" count="1" type="stmt"/>
      <line num="111" count="1" type="stmt"/>
      <line num="116" count="1" type="stmt"/>
      <line num="117" count="4" type="stmt"/>
      <line num="118" count="4" type="stmt"/>
      <line num="119" count="3" type="cond" truecount="2" falsecount="0"/>
      <line num="120" count="1" type="stmt"/>
      <line num="124" count="2" type="stmt"/>
      <line num="126" count="1" type="stmt"/>
      <line num="132" count="1" type="stmt"/>
    </file>
  </project>
</coverage>
