{"C:\\Users\\USER\\SE-EVENT-MANAGEMENT-SYSTEM\\src\\payment-service\\app.js": {"path":"C:\\Users\\USER\\SE-EVENT-MANAGEMENT-SYSTEM\\src\\payment-service\\app.js","statementMap":{"0":{"start":{"line":1,"column":16},"end":{"line":1,"column":34}},"1":{"start":{"line":2,"column":17},"end":{"line":2,"column":36}},"2":{"start":{"line":3,"column":15},"end":{"line":3,"column":34}},"3":{"start":{"line":4,"column":13},"end":{"line":4,"column":28}},"4":{"start":{"line":6,"column":12},"end":{"line":6,"column":21}},"5":{"start":{"line":7,"column":0},"end":{"line":7,"column":24}},"6":{"start":{"line":8,"column":0},"end":{"line":8,"column":16}},"7":{"start":{"line":11,"column":0},"end":{"line":14,"column":3}},"8":{"start":{"line":17,"column":22},"end":{"line":25,"column":2}},"9":{"start":{"line":27,"column":16},"end":{"line":27,"column":68}},"10":{"start":{"line":30,"column":20},"end":{"line":37,"column":1}},"11":{"start":{"line":31,"column":14},"end":{"line":31,"column":36}},"12":{"start":{"line":32,"column":2},"end":{"line":32,"column":41}},"13":{"start":{"line":32,"column":27},"end":{"line":32,"column":41}},"14":{"start":{"line":33,"column":2},"end":{"line":33,"column":70}},"15":{"start":{"line":33,"column":50},"end":{"line":33,"column":70}},"16":{"start":{"line":34,"column":2},"end":{"line":34,"column":78}},"17":{"start":{"line":34,"column":52},"end":{"line":34,"column":78}},"18":{"start":{"line":35,"column":2},"end":{"line":35,"column":45}},"19":{"start":{"line":35,"column":27},"end":{"line":35,"column":45}},"20":{"start":{"line":36,"column":2},"end":{"line":36,"column":19}},"21":{"start":{"line":40,"column":0},"end":{"line":89,"column":3}},"22":{"start":{"line":41,"column":2},"end":{"line":88,"column":3}},"23":{"start":{"line":49,"column":8},"end":{"line":49,"column":16}},"24":{"start":{"line":52,"column":4},"end":{"line":56,"column":5}},"25":{"start":{"line":53,"column":6},"end":{"line":55,"column":9}},"26":{"start":{"line":59,"column":28},"end":{"line":59,"column":75}},"27":{"start":{"line":60,"column":4},"end":{"line":64,"column":5}},"28":{"start":{"line":61,"column":6},"end":{"line":63,"column":9}},"29":{"start":{"line":67,"column":22},"end":{"line":67,"column":48}},"30":{"start":{"line":70,"column":21},"end":{"line":70,"column":44}},"31":{"start":{"line":73,"column":20},"end":{"line":81,"column":6}},"32":{"start":{"line":83,"column":4},"end":{"line":83,"column":25}},"33":{"start":{"line":85,"column":4},"end":{"line":85,"column":79}},"34":{"start":{"line":87,"column":4},"end":{"line":87,"column":50}},"35":{"start":{"line":93,"column":0},"end":{"line":113,"column":3}},"36":{"start":{"line":94,"column":2},"end":{"line":112,"column":3}},"37":{"start":{"line":95,"column":37},"end":{"line":95,"column":45}},"38":{"start":{"line":98,"column":20},"end":{"line":101,"column":6}},"39":{"start":{"line":103,"column":4},"end":{"line":107,"column":5}},"40":{"start":{"line":104,"column":6},"end":{"line":106,"column":9}},"41":{"start":{"line":109,"column":4},"end":{"line":109,"column":70}},"42":{"start":{"line":111,"column":4},"end":{"line":111,"column":51}},"43":{"start":{"line":116,"column":0},"end":{"line":128,"column":3}},"44":{"start":{"line":117,"column":2},"end":{"line":127,"column":3}},"45":{"start":{"line":118,"column":21},"end":{"line":118,"column":74}},"46":{"start":{"line":119,"column":4},"end":{"line":122,"column":66}},"47":{"start":{"line":120,"column":6},"end":{"line":122,"column":66}},"48":{"start":{"line":124,"column":4},"end":{"line":124,"column":35}},"49":{"start":{"line":126,"column":4},"end":{"line":126,"column":51}},"50":{"start":{"line":132,"column":0},"end":{"line":132,"column":21}}},"fnMap":{"0":{"name":"(anonymous_0)","decl":{"start":{"line":30,"column":20},"end":{"line":30,"column":21}},"loc":{"start":{"line":30,"column":36},"end":{"line":37,"column":1}},"line":30},"1":{"name":"(anonymous_1)","decl":{"start":{"line":40,"column":20},"end":{"line":40,"column":21}},"loc":{"start":{"line":40,"column":40},"end":{"line":89,"column":1}},"line":40},"2":{"name":"(anonymous_2)","decl":{"start":{"line":93,"column":22},"end":{"line":93,"column":23}},"loc":{"start":{"line":93,"column":42},"end":{"line":113,"column":1}},"line":93},"3":{"name":"(anonymous_3)","decl":{"start":{"line":116,"column":38},"end":{"line":116,"column":39}},"loc":{"start":{"line":116,"column":58},"end":{"line":128,"column":1}},"line":116}},"branchMap":{"0":{"loc":{"start":{"line":32,"column":2},"end":{"line":32,"column":41}},"type":"if","locations":[{"start":{"line":32,"column":2},"end":{"line":32,"column":41}},{"start":{},"end":{}}],"line":32},"1":{"loc":{"start":{"line":33,"column":2},"end":{"line":33,"column":70}},"type":"if","locations":[{"start":{"line":33,"column":2},"end":{"line":33,"column":70}},{"start":{},"end":{}}],"line":33},"2":{"loc":{"start":{"line":33,"column":6},"end":{"line":33,"column":48}},"type":"binary-expr","locations":[{"start":{"line":33,"column":6},"end":{"line":33,"column":25}},{"start":{"line":33,"column":29},"end":{"line":33,"column":48}}],"line":33},"3":{"loc":{"start":{"line":34,"column":2},"end":{"line":34,"column":78}},"type":"if","locations":[{"start":{"line":34,"column":2},"end":{"line":34,"column":78}},{"start":{},"end":{}}],"line":34},"4":{"loc":{"start":{"line":34,"column":6},"end":{"line":34,"column":50}},"type":"binary-expr","locations":[{"start":{"line":34,"column":6},"end":{"line":34,"column":26}},{"start":{"line":34,"column":30},"end":{"line":34,"column":50}}],"line":34},"5":{"loc":{"start":{"line":35,"column":2},"end":{"line":35,"column":45}},"type":"if","locations":[{"start":{"line":35,"column":2},"end":{"line":35,"column":45}},{"start":{},"end":{}}],"line":35},"6":{"loc":{"start":{"line":52,"column":4},"end":{"line":56,"column":5}},"type":"if","locations":[{"start":{"line":52,"column":4},"end":{"line":56,"column":5}},{"start":{},"end":{}}],"line":52},"7":{"loc":{"start":{"line":52,"column":8},"end":{"line":52,"column":92}},"type":"binary-expr","locations":[{"start":{"line":52,"column":8},"end":{"line":52,"column":19}},{"start":{"line":52,"column":23},"end":{"line":52,"column":38}},{"start":{"line":52,"column":42},"end":{"line":52,"column":54}},{"start":{"line":52,"column":58},"end":{"line":52,"column":71}},{"start":{"line":52,"column":75},"end":{"line":52,"column":79}},{"start":{"line":52,"column":83},"end":{"line":52,"column":92}}],"line":52},"8":{"loc":{"start":{"line":60,"column":4},"end":{"line":64,"column":5}},"type":"if","locations":[{"start":{"line":60,"column":4},"end":{"line":64,"column":5}},{"start":{},"end":{}}],"line":60},"9":{"loc":{"start":{"line":103,"column":4},"end":{"line":107,"column":5}},"type":"if","locations":[{"start":{"line":103,"column":4},"end":{"line":107,"column":5}},{"start":{},"end":{}}],"line":103},"10":{"loc":{"start":{"line":119,"column":4},"end":{"line":122,"column":66}},"type":"if","locations":[{"start":{"line":119,"column":4},"end":{"line":122,"column":66}},{"start":{},"end":{}}],"line":119}},"s":{"0":1,"1":1,"2":1,"3":1,"4":1,"5":1,"6":1,"7":1,"8":1,"9":1,"10":1,"11":15,"12":15,"13":10,"14":5,"15":2,"16":3,"17":1,"18":2,"19":1,"20":1,"21":1,"22":17,"23":17,"24":17,"25":1,"26":16,"27":16,"28":1,"29":15,"30":15,"31":15,"32":15,"33":14,"34":1,"35":1,"36":3,"37":3,"38":3,"39":2,"40":1,"41":1,"42":1,"43":1,"44":4,"45":4,"46":3,"47":1,"48":2,"49":1,"50":1},"f":{"0":15,"1":17,"2":3,"3":4},"b":{"0":[10,5],"1":[2,3],"2":[5,3],"3":[1,2],"4":[3,3],"5":[1,1],"6":[1,16],"7":[17,16,16,16,16,16],"8":[1,15],"9":[1,1],"10":[1,2]},"_coverageSchema":"1a1c01bbd47fc00a2c39e90264f33305004495a9","hash":"94d825ad77ec14656706c74bc3ff341f2d8ef4d2"}
}
