TN:
SF:app.js
FN:30,(anonymous_0)
FN:40,(anonymous_1)
FN:93,(anonymous_2)
FN:116,(anonymous_3)
FNF:4
FNH:4
FNDA:15,(anonymous_0)
FNDA:17,(anonymous_1)
FNDA:3,(anonymous_2)
FNDA:4,(anonymous_3)
DA:1,1
DA:2,1
DA:3,1
DA:4,1
DA:6,1
DA:7,1
DA:8,1
DA:11,1
DA:17,1
DA:27,1
DA:30,1
DA:31,15
DA:32,15
DA:33,5
DA:34,3
DA:35,2
DA:36,1
DA:40,1
DA:41,17
DA:49,17
DA:52,17
DA:53,1
DA:59,16
DA:60,16
DA:61,1
DA:67,15
DA:70,15
DA:73,15
DA:83,15
DA:85,14
DA:87,1
DA:93,1
DA:94,3
DA:95,3
DA:98,3
DA:103,2
DA:104,1
DA:109,1
DA:111,1
DA:116,1
DA:117,4
DA:118,4
DA:119,3
DA:120,1
DA:124,2
DA:126,1
DA:132,1
LF:47
LH:47
BRDA:32,0,0,10
BRDA:32,0,1,5
BRDA:33,1,0,2
BRDA:33,1,1,3
BRDA:33,2,0,5
BRDA:33,2,1,3
BRDA:34,3,0,1
BRDA:34,3,1,2
BRDA:34,4,0,3
BRDA:34,4,1,3
BRDA:35,5,0,1
BRDA:35,5,1,1
BRDA:52,6,0,1
BRDA:52,6,1,16
BRDA:52,7,0,17
BRDA:52,7,1,16
BRDA:52,7,2,16
BRDA:52,7,3,16
BRDA:52,7,4,16
BRDA:52,7,5,16
BRDA:60,8,0,1
BRDA:60,8,1,15
BRDA:103,9,0,1
BRDA:103,9,1,1
BRDA:119,10,0,1
BRDA:119,10,1,2
BRF:26
BRH:26
end_of_record
