{"C:\\Users\\USER\\SE-EVENT-MANAGEMENT-SYSTEM\\src\\queries-service\\app.js": {"path":"C:\\Users\\USER\\SE-EVENT-MANAGEMENT-SYSTEM\\src\\queries-service\\app.js","statementMap":{"0":{"start":{"line":1,"column":16},"end":{"line":1,"column":34}},"1":{"start":{"line":2,"column":17},"end":{"line":2,"column":36}},"2":{"start":{"line":3,"column":19},"end":{"line":3,"column":41}},"3":{"start":{"line":4,"column":13},"end":{"line":4,"column":28}},"4":{"start":{"line":5,"column":14},"end":{"line":5,"column":30}},"5":{"start":{"line":8,"column":12},"end":{"line":8,"column":21}},"6":{"start":{"line":11,"column":0},"end":{"line":11,"column":16}},"7":{"start":{"line":14,"column":0},"end":{"line":14,"column":27}},"8":{"start":{"line":17,"column":0},"end":{"line":20,"column":3}},"9":{"start":{"line":23,"column":20},"end":{"line":28,"column":2}},"10":{"start":{"line":30,"column":14},"end":{"line":30,"column":50}},"11":{"start":{"line":33,"column":0},"end":{"line":58,"column":3}},"12":{"start":{"line":34,"column":36},"end":{"line":34,"column":44}},"13":{"start":{"line":36,"column":2},"end":{"line":40,"column":3}},"14":{"start":{"line":37,"column":4},"end":{"line":39,"column":65}},"15":{"start":{"line":42,"column":2},"end":{"line":57,"column":3}},"16":{"start":{"line":43,"column":21},"end":{"line":47,"column":6}},"17":{"start":{"line":49,"column":4},"end":{"line":49,"column":26}},"18":{"start":{"line":50,"column":4},"end":{"line":52,"column":75}},"19":{"start":{"line":54,"column":4},"end":{"line":56,"column":68}},"20":{"start":{"line":61,"column":0},"end":{"line":101,"column":3}},"21":{"start":{"line":62,"column":30},"end":{"line":62,"column":38}},"22":{"start":{"line":64,"column":2},"end":{"line":66,"column":3}},"23":{"start":{"line":65,"column":4},"end":{"line":65,"column":79}},"24":{"start":{"line":68,"column":2},"end":{"line":100,"column":3}},"25":{"start":{"line":69,"column":18},"end":{"line":69,"column":47}},"26":{"start":{"line":71,"column":4},"end":{"line":73,"column":5}},"27":{"start":{"line":72,"column":6},"end":{"line":72,"column":64}},"28":{"start":{"line":75,"column":4},"end":{"line":75,"column":26}},"29":{"start":{"line":76,"column":4},"end":{"line":76,"column":23}},"30":{"start":{"line":79,"column":4},"end":{"line":92,"column":7}},"31":{"start":{"line":94,"column":4},"end":{"line":94,"column":74}},"32":{"start":{"line":96,"column":4},"end":{"line":99,"column":7}},"33":{"start":{"line":104,"column":0},"end":{"line":111,"column":3}},"34":{"start":{"line":105,"column":2},"end":{"line":110,"column":3}},"35":{"start":{"line":106,"column":18},"end":{"line":106,"column":52}},"36":{"start":{"line":107,"column":4},"end":{"line":107,"column":32}},"37":{"start":{"line":109,"column":4},"end":{"line":109,"column":51}},"38":{"start":{"line":114,"column":0},"end":{"line":123,"column":3}},"39":{"start":{"line":115,"column":2},"end":{"line":122,"column":3}},"40":{"start":{"line":116,"column":23},"end":{"line":116,"column":41}},"41":{"start":{"line":117,"column":4},"end":{"line":117,"column":41}},"42":{"start":{"line":119,"column":4},"end":{"line":121,"column":69}},"43":{"start":{"line":130,"column":0},"end":{"line":130,"column":21}}},"fnMap":{"0":{"name":"(anonymous_0)","decl":{"start":{"line":33,"column":28},"end":{"line":33,"column":29}},"loc":{"start":{"line":33,"column":48},"end":{"line":58,"column":1}},"line":33},"1":{"name":"(anonymous_1)","decl":{"start":{"line":61,"column":28},"end":{"line":61,"column":29}},"loc":{"start":{"line":61,"column":48},"end":{"line":101,"column":1}},"line":61},"2":{"name":"(anonymous_2)","decl":{"start":{"line":104,"column":36},"end":{"line":104,"column":37}},"loc":{"start":{"line":104,"column":56},"end":{"line":111,"column":1}},"line":104},"3":{"name":"(anonymous_3)","decl":{"start":{"line":114,"column":26},"end":{"line":114,"column":27}},"loc":{"start":{"line":114,"column":46},"end":{"line":123,"column":1}},"line":114}},"branchMap":{"0":{"loc":{"start":{"line":36,"column":2},"end":{"line":40,"column":3}},"type":"if","locations":[{"start":{"line":36,"column":2},"end":{"line":40,"column":3}},{"start":{},"end":{}}],"line":36},"1":{"loc":{"start":{"line":36,"column":6},"end":{"line":36,"column":34}},"type":"binary-expr","locations":[{"start":{"line":36,"column":6},"end":{"line":36,"column":11}},{"start":{"line":36,"column":15},"end":{"line":36,"column":21}},{"start":{"line":36,"column":25},"end":{"line":36,"column":34}}],"line":36},"2":{"loc":{"start":{"line":64,"column":2},"end":{"line":66,"column":3}},"type":"if","locations":[{"start":{"line":64,"column":2},"end":{"line":66,"column":3}},{"start":{},"end":{}}],"line":64},"3":{"loc":{"start":{"line":64,"column":6},"end":{"line":64,"column":25}},"type":"binary-expr","locations":[{"start":{"line":64,"column":6},"end":{"line":64,"column":14}},{"start":{"line":64,"column":18},"end":{"line":64,"column":25}}],"line":64},"4":{"loc":{"start":{"line":71,"column":4},"end":{"line":73,"column":5}},"type":"if","locations":[{"start":{"line":71,"column":4},"end":{"line":73,"column":5}},{"start":{},"end":{}}],"line":71}},"s":{"0":1,"1":1,"2":1,"3":1,"4":1,"5":1,"6":1,"7":1,"8":1,"9":1,"10":1,"11":1,"12":2,"13":2,"14":1,"15":1,"16":1,"17":1,"18":1,"19":0,"20":1,"21":2,"22":2,"23":1,"24":1,"25":1,"26":1,"27":1,"28":0,"29":0,"30":0,"31":0,"32":0,"33":1,"34":1,"35":1,"36":1,"37":0,"38":1,"39":1,"40":1,"41":1,"42":0,"43":1},"f":{"0":2,"1":2,"2":1,"3":1},"b":{"0":[1,1],"1":[2,2,1],"2":[1,1],"3":[2,1],"4":[1,0]},"_coverageSchema":"1a1c01bbd47fc00a2c39e90264f33305004495a9","hash":"72a4639b35bf8ecc226401c2f547643d182d81ec"}
}
