TN:
SF:app.js
FN:33,(anonymous_0)
FN:61,(anonymous_1)
FN:104,(anonymous_2)
FN:114,(anonymous_3)
FNF:4
FNH:4
FNDA:2,(anonymous_0)
FNDA:2,(anonymous_1)
FNDA:1,(anonymous_2)
FNDA:1,(anonymous_3)
DA:1,1
DA:2,1
DA:3,1
DA:4,1
DA:5,1
DA:8,1
DA:11,1
DA:14,1
DA:17,1
DA:23,1
DA:30,1
DA:33,1
DA:34,2
DA:36,2
DA:37,1
DA:42,1
DA:43,1
DA:49,1
DA:50,1
DA:54,0
DA:61,1
DA:62,2
DA:64,2
DA:65,1
DA:68,1
DA:69,1
DA:71,1
DA:72,1
DA:75,0
DA:76,0
DA:79,0
DA:94,0
DA:96,0
DA:104,1
DA:105,1
DA:106,1
DA:107,1
DA:109,0
DA:114,1
DA:115,1
DA:116,1
DA:117,1
DA:119,0
DA:130,1
LF:44
LH:36
BRDA:36,0,0,1
BRDA:36,0,1,1
BRDA:36,1,0,2
BRDA:36,1,1,2
BRDA:36,1,2,1
BRDA:64,2,0,1
BRDA:64,2,1,1
BRDA:64,3,0,2
BRDA:64,3,1,1
BRDA:71,4,0,1
BRDA:71,4,1,0
BRF:11
BRH:10
end_of_record
