<?xml version="1.0" encoding="UTF-8"?>
<coverage generated="1746096477289" clover="3.2.0">
  <project timestamp="1746096477289" name="All files">
    <metrics statements="85" coveredstatements="77" conditionals="20" coveredconditionals="19" methods="12" coveredmethods="12" elements="117" coveredelements="108" complexity="0" loc="85" ncloc="85" packages="1" files="1" classes="1"/>
    <file name="app.js" path="C:\Users\USER\SE-EVENT-MANAGEMENT-SYSTEM\src\event-service\app.js">
      <metrics statements="85" coveredstatements="77" conditionals="20" coveredconditionals="19" methods="12" coveredmethods="12"/>
      <line num="1" count="1" type="stmt"/>
      <line num="2" count="1" type="stmt"/>
      <line num="3" count="1" type="stmt"/>
      <line num="4" count="1" type="stmt"/>
      <line num="6" count="1" type="stmt"/>
      <line num="7" count="1" type="stmt"/>
      <line num="8" count="1" type="stmt"/>
      <line num="10" count="1" type="stmt"/>
      <line num="16" count="1" type="stmt"/>
      <line num="24" count="1" type="stmt"/>
      <line num="31" count="1" type="stmt"/>
      <line num="32" count="1" type="stmt"/>
      <line num="35" count="1" type="stmt"/>
      <line num="36" count="3" type="stmt"/>
      <line num="38" count="3" type="stmt"/>
      <line num="41" count="3" type="stmt"/>
      <line num="44" count="3" type="cond" truecount="2" falsecount="0"/>
      <line num="45" count="1" type="stmt"/>
      <line num="49" count="2" type="stmt"/>
      <line num="50" count="2" type="stmt"/>
      <line num="51" count="2" type="cond" truecount="2" falsecount="0"/>
      <line num="52" count="1" type="stmt"/>
      <line num="57" count="1" type="stmt"/>
      <line num="65" count="1" type="stmt"/>
      <line num="66" count="1" type="stmt"/>
      <line num="68" count="0" type="stmt"/>
      <line num="73" count="1" type="stmt"/>
      <line num="74" count="1" type="stmt"/>
      <line num="75" count="1" type="stmt"/>
      <line num="76" count="1" type="stmt"/>
      <line num="78" count="0" type="stmt"/>
      <line num="83" count="1" type="stmt"/>
      <line num="84" count="2" type="stmt"/>
      <line num="85" count="2" type="stmt"/>
      <line num="86" count="2" type="cond" truecount="2" falsecount="0"/>
      <line num="87" count="1" type="stmt"/>
      <line num="89" count="0" type="stmt"/>
      <line num="94" count="1" type="stmt"/>
      <line num="95" count="2" type="stmt"/>
      <line num="96" count="2" type="stmt"/>
      <line num="99" count="2" type="cond" truecount="2" falsecount="0"/>
      <line num="100" count="1" type="stmt"/>
      <line num="102" count="0" type="stmt"/>
      <line num="107" count="1" type="stmt"/>
      <line num="108" count="2" type="stmt"/>
      <line num="109" count="2" type="stmt"/>
      <line num="110" count="2" type="cond" truecount="2" falsecount="0"/>
      <line num="113" count="1" type="stmt"/>
      <line num="115" count="1" type="stmt"/>
      <line num="119" count="0" type="stmt"/>
      <line num="124" count="1" type="stmt"/>
      <line num="125" count="2" type="stmt"/>
      <line num="126" count="2" type="stmt"/>
      <line num="128" count="2" type="cond" truecount="2" falsecount="0"/>
      <line num="129" count="1" type="stmt"/>
      <line num="133" count="1" type="stmt"/>
      <line num="136" count="1" type="stmt"/>
      <line num="139" count="1" type="stmt"/>
      <line num="141" count="1" type="stmt"/>
      <line num="145" count="0" type="stmt"/>
      <line num="150" count="1" type="stmt"/>
      <line num="151" count="2" type="stmt"/>
      <line num="152" count="2" type="stmt"/>
      <line num="154" count="2" type="cond" truecount="2" falsecount="0"/>
      <line num="155" count="1" type="stmt"/>
      <line num="160" count="1" type="stmt"/>
      <line num="162" count="0" type="stmt"/>
      <line num="163" count="0" type="stmt"/>
      <line num="168" count="1" type="stmt"/>
      <line num="169" count="3" type="stmt"/>
      <line num="170" count="3" type="stmt"/>
      <line num="175" count="2" type="stmt"/>
      <line num="176" count="2" type="cond" truecount="1" falsecount="1"/>
      <line num="180" count="2" type="stmt"/>
      <line num="182" count="2" type="cond" truecount="4" falsecount="0"/>
      <line num="183" count="1" type="stmt"/>
      <line num="188" count="1" type="stmt"/>
      <line num="189" count="1" type="stmt"/>
      <line num="191" count="1" type="stmt"/>
      <line num="192" count="1" type="stmt"/>
      <line num="193" count="1" type="stmt"/>
      <line num="204" count="1" type="stmt"/>
      <line num="206" count="1" type="stmt"/>
      <line num="207" count="1" type="stmt"/>
      <line num="212" count="1" type="stmt"/>
    </file>
  </project>
</coverage>
