{"C:\\Users\\USER\\SE-EVENT-MANAGEMENT-SYSTEM\\src\\event-service\\app.js": {"path":"C:\\Users\\USER\\SE-EVENT-MANAGEMENT-SYSTEM\\src\\event-service\\app.js","statementMap":{"0":{"start":{"line":1,"column":16},"end":{"line":1,"column":34}},"1":{"start":{"line":2,"column":17},"end":{"line":2,"column":36}},"2":{"start":{"line":3,"column":13},"end":{"line":3,"column":28}},"3":{"start":{"line":4,"column":14},"end":{"line":4,"column":30}},"4":{"start":{"line":6,"column":12},"end":{"line":6,"column":21}},"5":{"start":{"line":7,"column":0},"end":{"line":7,"column":24}},"6":{"start":{"line":8,"column":0},"end":{"line":8,"column":16}},"7":{"start":{"line":10,"column":0},"end":{"line":13,"column":3}},"8":{"start":{"line":16,"column":20},"end":{"line":23,"column":2}},"9":{"start":{"line":24,"column":22},"end":{"line":29,"column":2}},"10":{"start":{"line":31,"column":16},"end":{"line":31,"column":56}},"11":{"start":{"line":32,"column":14},"end":{"line":32,"column":60}},"12":{"start":{"line":35,"column":0},"end":{"line":70,"column":3}},"13":{"start":{"line":36,"column":2},"end":{"line":69,"column":3}},"14":{"start":{"line":38,"column":6},"end":{"line":38,"column":14}},"15":{"start":{"line":41,"column":27},"end":{"line":43,"column":5}},"16":{"start":{"line":44,"column":4},"end":{"line":46,"column":5}},"17":{"start":{"line":45,"column":6},"end":{"line":45,"column":76}},"18":{"start":{"line":49,"column":22},"end":{"line":49,"column":36}},"19":{"start":{"line":50,"column":24},"end":{"line":50,"column":34}},"20":{"start":{"line":51,"column":4},"end":{"line":55,"column":5}},"21":{"start":{"line":52,"column":6},"end":{"line":54,"column":63}},"22":{"start":{"line":57,"column":18},"end":{"line":64,"column":6}},"23":{"start":{"line":65,"column":4},"end":{"line":65,"column":23}},"24":{"start":{"line":66,"column":4},"end":{"line":66,"column":75}},"25":{"start":{"line":68,"column":4},"end":{"line":68,"column":51}},"26":{"start":{"line":73,"column":0},"end":{"line":80,"column":3}},"27":{"start":{"line":74,"column":2},"end":{"line":79,"column":3}},"28":{"start":{"line":75,"column":19},"end":{"line":75,"column":37}},"29":{"start":{"line":76,"column":4},"end":{"line":76,"column":33}},"30":{"start":{"line":78,"column":4},"end":{"line":78,"column":51}},"31":{"start":{"line":83,"column":0},"end":{"line":91,"column":3}},"32":{"start":{"line":84,"column":2},"end":{"line":90,"column":3}},"33":{"start":{"line":85,"column":18},"end":{"line":85,"column":53}},"34":{"start":{"line":86,"column":4},"end":{"line":86,"column":76}},"35":{"start":{"line":86,"column":16},"end":{"line":86,"column":76}},"36":{"start":{"line":87,"column":4},"end":{"line":87,"column":32}},"37":{"start":{"line":89,"column":4},"end":{"line":89,"column":51}},"38":{"start":{"line":94,"column":0},"end":{"line":104,"column":3}},"39":{"start":{"line":95,"column":2},"end":{"line":103,"column":3}},"40":{"start":{"line":96,"column":18},"end":{"line":98,"column":6}},"41":{"start":{"line":99,"column":4},"end":{"line":99,"column":76}},"42":{"start":{"line":99,"column":16},"end":{"line":99,"column":76}},"43":{"start":{"line":100,"column":4},"end":{"line":100,"column":75}},"44":{"start":{"line":102,"column":4},"end":{"line":102,"column":51}},"45":{"start":{"line":107,"column":0},"end":{"line":121,"column":3}},"46":{"start":{"line":108,"column":2},"end":{"line":120,"column":3}},"47":{"start":{"line":109,"column":18},"end":{"line":109,"column":62}},"48":{"start":{"line":110,"column":4},"end":{"line":110,"column":76}},"49":{"start":{"line":110,"column":16},"end":{"line":110,"column":76}},"50":{"start":{"line":113,"column":4},"end":{"line":113,"column":57}},"51":{"start":{"line":115,"column":4},"end":{"line":117,"column":76}},"52":{"start":{"line":119,"column":4},"end":{"line":119,"column":51}},"53":{"start":{"line":124,"column":0},"end":{"line":147,"column":3}},"54":{"start":{"line":125,"column":2},"end":{"line":146,"column":3}},"55":{"start":{"line":126,"column":19},"end":{"line":126,"column":70}},"56":{"start":{"line":128,"column":4},"end":{"line":131,"column":65}},"57":{"start":{"line":129,"column":6},"end":{"line":131,"column":65}},"58":{"start":{"line":133,"column":21},"end":{"line":133,"column":53}},"59":{"start":{"line":133,"column":43},"end":{"line":133,"column":52}},"60":{"start":{"line":136,"column":4},"end":{"line":136,"column":62}},"61":{"start":{"line":139,"column":4},"end":{"line":139,"column":61}},"62":{"start":{"line":141,"column":4},"end":{"line":143,"column":7}},"63":{"start":{"line":145,"column":4},"end":{"line":145,"column":51}},"64":{"start":{"line":150,"column":0},"end":{"line":165,"column":3}},"65":{"start":{"line":151,"column":2},"end":{"line":164,"column":3}},"66":{"start":{"line":152,"column":19},"end":{"line":152,"column":70}},"67":{"start":{"line":154,"column":4},"end":{"line":158,"column":5}},"68":{"start":{"line":155,"column":6},"end":{"line":157,"column":65}},"69":{"start":{"line":160,"column":4},"end":{"line":160,"column":33}},"70":{"start":{"line":162,"column":4},"end":{"line":162,"column":61}},"71":{"start":{"line":163,"column":4},"end":{"line":163,"column":51}},"72":{"start":{"line":168,"column":0},"end":{"line":209,"column":3}},"73":{"start":{"line":169,"column":2},"end":{"line":208,"column":3}},"74":{"start":{"line":170,"column":29},"end":{"line":172,"column":5}},"75":{"start":{"line":175,"column":25},"end":{"line":175,"column":46}},"76":{"start":{"line":176,"column":21},"end":{"line":178,"column":29}},"77":{"start":{"line":180,"column":4},"end":{"line":180,"column":26}},"78":{"start":{"line":182,"column":4},"end":{"line":186,"column":5}},"79":{"start":{"line":183,"column":6},"end":{"line":185,"column":66}},"80":{"start":{"line":188,"column":21},"end":{"line":188,"column":63}},"81":{"start":{"line":188,"column":47},"end":{"line":188,"column":62}},"82":{"start":{"line":189,"column":19},"end":{"line":189,"column":63}},"83":{"start":{"line":191,"column":23},"end":{"line":202,"column":6}},"84":{"start":{"line":192,"column":20},"end":{"line":192,"column":76}},"85":{"start":{"line":192,"column":39},"end":{"line":192,"column":75}},"86":{"start":{"line":193,"column":6},"end":{"line":201,"column":8}},"87":{"start":{"line":204,"column":4},"end":{"line":204,"column":37}},"88":{"start":{"line":206,"column":4},"end":{"line":206,"column":73}},"89":{"start":{"line":207,"column":4},"end":{"line":207,"column":51}},"90":{"start":{"line":212,"column":0},"end":{"line":212,"column":21}}},"fnMap":{"0":{"name":"(anonymous_0)","decl":{"start":{"line":35,"column":20},"end":{"line":35,"column":21}},"loc":{"start":{"line":35,"column":40},"end":{"line":70,"column":1}},"line":35},"1":{"name":"(anonymous_1)","decl":{"start":{"line":73,"column":16},"end":{"line":73,"column":17}},"loc":{"start":{"line":73,"column":36},"end":{"line":80,"column":1}},"line":73},"2":{"name":"(anonymous_2)","decl":{"start":{"line":83,"column":20},"end":{"line":83,"column":21}},"loc":{"start":{"line":83,"column":40},"end":{"line":91,"column":1}},"line":83},"3":{"name":"(anonymous_3)","decl":{"start":{"line":94,"column":23},"end":{"line":94,"column":24}},"loc":{"start":{"line":94,"column":43},"end":{"line":104,"column":1}},"line":94},"4":{"name":"(anonymous_4)","decl":{"start":{"line":107,"column":26},"end":{"line":107,"column":27}},"loc":{"start":{"line":107,"column":46},"end":{"line":121,"column":1}},"line":107},"5":{"name":"(anonymous_5)","decl":{"start":{"line":124,"column":45},"end":{"line":124,"column":46}},"loc":{"start":{"line":124,"column":65},"end":{"line":147,"column":1}},"line":124},"6":{"name":"(anonymous_6)","decl":{"start":{"line":133,"column":32},"end":{"line":133,"column":33}},"loc":{"start":{"line":133,"column":43},"end":{"line":133,"column":52}},"line":133},"7":{"name":"(anonymous_7)","decl":{"start":{"line":150,"column":39},"end":{"line":150,"column":40}},"loc":{"start":{"line":150,"column":59},"end":{"line":165,"column":1}},"line":150},"8":{"name":"(anonymous_8)","decl":{"start":{"line":168,"column":38},"end":{"line":168,"column":39}},"loc":{"start":{"line":168,"column":58},"end":{"line":209,"column":1}},"line":168},"9":{"name":"(anonymous_9)","decl":{"start":{"line":188,"column":34},"end":{"line":188,"column":35}},"loc":{"start":{"line":188,"column":47},"end":{"line":188,"column":62}},"line":188},"10":{"name":"(anonymous_10)","decl":{"start":{"line":191,"column":36},"end":{"line":191,"column":37}},"loc":{"start":{"line":191,"column":49},"end":{"line":202,"column":5}},"line":191},"11":{"name":"(anonymous_11)","decl":{"start":{"line":192,"column":32},"end":{"line":192,"column":33}},"loc":{"start":{"line":192,"column":39},"end":{"line":192,"column":75}},"line":192}},"branchMap":{"0":{"loc":{"start":{"line":44,"column":4},"end":{"line":46,"column":5}},"type":"if","locations":[{"start":{"line":44,"column":4},"end":{"line":46,"column":5}},{"start":{},"end":{}}],"line":44},"1":{"loc":{"start":{"line":51,"column":4},"end":{"line":55,"column":5}},"type":"if","locations":[{"start":{"line":51,"column":4},"end":{"line":55,"column":5}},{"start":{},"end":{}}],"line":51},"2":{"loc":{"start":{"line":86,"column":4},"end":{"line":86,"column":76}},"type":"if","locations":[{"start":{"line":86,"column":4},"end":{"line":86,"column":76}},{"start":{},"end":{}}],"line":86},"3":{"loc":{"start":{"line":99,"column":4},"end":{"line":99,"column":76}},"type":"if","locations":[{"start":{"line":99,"column":4},"end":{"line":99,"column":76}},{"start":{},"end":{}}],"line":99},"4":{"loc":{"start":{"line":110,"column":4},"end":{"line":110,"column":76}},"type":"if","locations":[{"start":{"line":110,"column":4},"end":{"line":110,"column":76}},{"start":{},"end":{}}],"line":110},"5":{"loc":{"start":{"line":128,"column":4},"end":{"line":131,"column":65}},"type":"if","locations":[{"start":{"line":128,"column":4},"end":{"line":131,"column":65}},{"start":{},"end":{}}],"line":128},"6":{"loc":{"start":{"line":154,"column":4},"end":{"line":158,"column":5}},"type":"if","locations":[{"start":{"line":154,"column":4},"end":{"line":158,"column":5}},{"start":{},"end":{}}],"line":154},"7":{"loc":{"start":{"line":176,"column":21},"end":{"line":178,"column":29}},"type":"cond-expr","locations":[{"start":{"line":177,"column":8},"end":{"line":177,"column":20}},{"start":{"line":178,"column":8},"end":{"line":178,"column":29}}],"line":176},"8":{"loc":{"start":{"line":182,"column":4},"end":{"line":186,"column":5}},"type":"if","locations":[{"start":{"line":182,"column":4},"end":{"line":186,"column":5}},{"start":{},"end":{}}],"line":182},"9":{"loc":{"start":{"line":182,"column":8},"end":{"line":182,"column":37}},"type":"binary-expr","locations":[{"start":{"line":182,"column":8},"end":{"line":182,"column":17}},{"start":{"line":182,"column":21},"end":{"line":182,"column":37}}],"line":182}},"s":{"0":1,"1":1,"2":1,"3":1,"4":1,"5":1,"6":1,"7":1,"8":1,"9":1,"10":1,"11":1,"12":1,"13":3,"14":3,"15":3,"16":3,"17":1,"18":2,"19":2,"20":2,"21":1,"22":1,"23":1,"24":1,"25":0,"26":1,"27":1,"28":1,"29":1,"30":0,"31":1,"32":2,"33":2,"34":2,"35":1,"36":1,"37":0,"38":1,"39":2,"40":2,"41":2,"42":1,"43":1,"44":0,"45":1,"46":2,"47":2,"48":2,"49":1,"50":1,"51":1,"52":0,"53":1,"54":2,"55":2,"56":2,"57":1,"58":1,"59":1,"60":1,"61":1,"62":1,"63":0,"64":1,"65":2,"66":2,"67":2,"68":1,"69":1,"70":0,"71":0,"72":1,"73":3,"74":3,"75":2,"76":2,"77":2,"78":2,"79":1,"80":1,"81":1,"82":1,"83":1,"84":1,"85":1,"86":1,"87":1,"88":1,"89":1,"90":1},"f":{"0":3,"1":1,"2":2,"3":2,"4":2,"5":2,"6":1,"7":2,"8":3,"9":1,"10":1,"11":1},"b":{"0":[1,2],"1":[1,1],"2":[1,1],"3":[1,1],"4":[1,1],"5":[1,1],"6":[1,1],"7":[2,0],"8":[1,1],"9":[2,2]},"_coverageSchema":"1a1c01bbd47fc00a2c39e90264f33305004495a9","hash":"dcc63b4a264953ca8f39b357ed9ad0d161b5d49f"}
}
