TN:
SF:app.js
FN:35,(anonymous_0)
FN:73,(anonymous_1)
FN:83,(anonymous_2)
FN:94,(anonymous_3)
FN:107,(anonymous_4)
FN:124,(anonymous_5)
FN:133,(anonymous_6)
FN:150,(anonymous_7)
FN:168,(anonymous_8)
FN:188,(anonymous_9)
FN:191,(anonymous_10)
FN:192,(anonymous_11)
FNF:12
FNH:12
FNDA:3,(anonymous_0)
FNDA:1,(anonymous_1)
FNDA:2,(anonymous_2)
FNDA:2,(anonymous_3)
FNDA:2,(anonymous_4)
FNDA:2,(anonymous_5)
FNDA:1,(anonymous_6)
FNDA:2,(anonymous_7)
FNDA:3,(anonymous_8)
FNDA:1,(anonymous_9)
FNDA:1,(anonymous_10)
FNDA:1,(anonymous_11)
DA:1,1
DA:2,1
DA:3,1
DA:4,1
DA:6,1
DA:7,1
DA:8,1
DA:10,1
DA:16,1
DA:24,1
DA:31,1
DA:32,1
DA:35,1
DA:36,3
DA:38,3
DA:41,3
DA:44,3
DA:45,1
DA:49,2
DA:50,2
DA:51,2
DA:52,1
DA:57,1
DA:65,1
DA:66,1
DA:68,0
DA:73,1
DA:74,1
DA:75,1
DA:76,1
DA:78,0
DA:83,1
DA:84,2
DA:85,2
DA:86,2
DA:87,1
DA:89,0
DA:94,1
DA:95,2
DA:96,2
DA:99,2
DA:100,1
DA:102,0
DA:107,1
DA:108,2
DA:109,2
DA:110,2
DA:113,1
DA:115,1
DA:119,0
DA:124,1
DA:125,2
DA:126,2
DA:128,2
DA:129,1
DA:133,1
DA:136,1
DA:139,1
DA:141,1
DA:145,0
DA:150,1
DA:151,2
DA:152,2
DA:154,2
DA:155,1
DA:160,1
DA:162,0
DA:163,0
DA:168,1
DA:169,3
DA:170,3
DA:175,2
DA:176,2
DA:180,2
DA:182,2
DA:183,1
DA:188,1
DA:189,1
DA:191,1
DA:192,1
DA:193,1
DA:204,1
DA:206,1
DA:207,1
DA:212,1
LF:85
LH:77
BRDA:44,0,0,1
BRDA:44,0,1,2
BRDA:51,1,0,1
BRDA:51,1,1,1
BRDA:86,2,0,1
BRDA:86,2,1,1
BRDA:99,3,0,1
BRDA:99,3,1,1
BRDA:110,4,0,1
BRDA:110,4,1,1
BRDA:128,5,0,1
BRDA:128,5,1,1
BRDA:154,6,0,1
BRDA:154,6,1,1
BRDA:176,7,0,2
BRDA:176,7,1,0
BRDA:182,8,0,1
BRDA:182,8,1,1
BRDA:182,9,0,2
BRDA:182,9,1,2
BRF:20
BRH:19
end_of_record
