{"C:\\Users\\USER\\SE-EVENT-MANAGEMENT-SYSTEM\\src\\event_organizer-service\\app.js": {"path":"C:\\Users\\USER\\SE-EVENT-MANAGEMENT-SYSTEM\\src\\event_organizer-service\\app.js","statementMap":{"0":{"start":{"line":1,"column":16},"end":{"line":1,"column":34}},"1":{"start":{"line":2,"column":17},"end":{"line":2,"column":36}},"2":{"start":{"line":3,"column":14},"end":{"line":3,"column":30}},"3":{"start":{"line":4,"column":15},"end":{"line":4,"column":32}},"4":{"start":{"line":5,"column":13},"end":{"line":5,"column":28}},"5":{"start":{"line":7,"column":12},"end":{"line":7,"column":21}},"6":{"start":{"line":8,"column":0},"end":{"line":8,"column":24}},"7":{"start":{"line":9,"column":0},"end":{"line":9,"column":16}},"8":{"start":{"line":11,"column":0},"end":{"line":14,"column":3}},"9":{"start":{"line":17,"column":29},"end":{"line":24,"column":2}},"10":{"start":{"line":26,"column":23},"end":{"line":30,"column":1}},"11":{"start":{"line":31,"column":0},"end":{"line":97,"column":3}},"12":{"start":{"line":32,"column":2},"end":{"line":96,"column":3}},"13":{"start":{"line":33,"column":55},"end":{"line":33,"column":63}},"14":{"start":{"line":34,"column":4},"end":{"line":34,"column":66}},"15":{"start":{"line":37,"column":22},"end":{"line":39,"column":24}},"16":{"start":{"line":39,"column":19},"end":{"line":39,"column":23}},"17":{"start":{"line":40,"column":26},"end":{"line":42,"column":24}},"18":{"start":{"line":42,"column":19},"end":{"line":42,"column":23}},"19":{"start":{"line":44,"column":4},"end":{"line":49,"column":5}},"20":{"start":{"line":45,"column":6},"end":{"line":45,"column":76}},"21":{"start":{"line":46,"column":6},"end":{"line":48,"column":63}},"22":{"start":{"line":52,"column":27},"end":{"line":52,"column":58}},"23":{"start":{"line":55,"column":27},"end":{"line":61,"column":6}},"24":{"start":{"line":63,"column":4},"end":{"line":63,"column":32}},"25":{"start":{"line":64,"column":4},"end":{"line":64,"column":66}},"26":{"start":{"line":67,"column":4},"end":{"line":71,"column":7}},"27":{"start":{"line":74,"column":4},"end":{"line":87,"column":7}},"28":{"start":{"line":89,"column":4},"end":{"line":89,"column":50}},"29":{"start":{"line":90,"column":4},"end":{"line":92,"column":76}},"30":{"start":{"line":94,"column":4},"end":{"line":94,"column":61}},"31":{"start":{"line":95,"column":4},"end":{"line":95,"column":51}},"32":{"start":{"line":100,"column":0},"end":{"line":115,"column":3}},"33":{"start":{"line":101,"column":2},"end":{"line":114,"column":3}},"34":{"start":{"line":102,"column":4},"end":{"line":102,"column":65}},"35":{"start":{"line":103,"column":22},"end":{"line":105,"column":6}},"36":{"start":{"line":106,"column":4},"end":{"line":109,"column":5}},"37":{"start":{"line":107,"column":6},"end":{"line":107,"column":67}},"38":{"start":{"line":108,"column":6},"end":{"line":108,"column":70}},"39":{"start":{"line":110,"column":4},"end":{"line":110,"column":36}},"40":{"start":{"line":112,"column":4},"end":{"line":112,"column":64}},"41":{"start":{"line":113,"column":4},"end":{"line":113,"column":51}},"42":{"start":{"line":116,"column":0},"end":{"line":127,"column":3}},"43":{"start":{"line":117,"column":2},"end":{"line":126,"column":3}},"44":{"start":{"line":118,"column":22},"end":{"line":118,"column":49}},"45":{"start":{"line":119,"column":4},"end":{"line":121,"column":5}},"46":{"start":{"line":120,"column":6},"end":{"line":120,"column":70}},"47":{"start":{"line":122,"column":4},"end":{"line":122,"column":36}},"48":{"start":{"line":124,"column":4},"end":{"line":124,"column":64}},"49":{"start":{"line":125,"column":4},"end":{"line":125,"column":51}},"50":{"start":{"line":129,"column":0},"end":{"line":160,"column":3}},"51":{"start":{"line":130,"column":2},"end":{"line":159,"column":3}},"52":{"start":{"line":131,"column":42},"end":{"line":131,"column":50}},"53":{"start":{"line":132,"column":4},"end":{"line":132,"column":46}},"54":{"start":{"line":134,"column":22},"end":{"line":136,"column":5}},"55":{"start":{"line":137,"column":4},"end":{"line":140,"column":5}},"56":{"start":{"line":138,"column":6},"end":{"line":138,"column":53}},"57":{"start":{"line":139,"column":6},"end":{"line":139,"column":70}},"58":{"start":{"line":143,"column":4},"end":{"line":146,"column":5}},"59":{"start":{"line":144,"column":6},"end":{"line":144,"column":65}},"60":{"start":{"line":145,"column":6},"end":{"line":145,"column":75}},"61":{"start":{"line":148,"column":20},"end":{"line":148,"column":70}},"62":{"start":{"line":149,"column":4},"end":{"line":152,"column":5}},"63":{"start":{"line":150,"column":6},"end":{"line":150,"column":57}},"64":{"start":{"line":151,"column":6},"end":{"line":151,"column":70}},"65":{"start":{"line":154,"column":4},"end":{"line":154,"column":61}},"66":{"start":{"line":155,"column":4},"end":{"line":155,"column":68}},"67":{"start":{"line":157,"column":4},"end":{"line":157,"column":51}},"68":{"start":{"line":158,"column":4},"end":{"line":158,"column":51}},"69":{"start":{"line":163,"column":0},"end":{"line":190,"column":3}},"70":{"start":{"line":164,"column":2},"end":{"line":189,"column":3}},"71":{"start":{"line":165,"column":4},"end":{"line":165,"column":65}},"72":{"start":{"line":166,"column":45},"end":{"line":166,"column":53}},"73":{"start":{"line":167,"column":27},"end":{"line":169,"column":17}},"74":{"start":{"line":171,"column":23},"end":{"line":171,"column":45}},"75":{"start":{"line":172,"column":4},"end":{"line":172,"column":61}},"76":{"start":{"line":172,"column":24},"end":{"line":172,"column":61}},"77":{"start":{"line":174,"column":22},"end":{"line":178,"column":5}},"78":{"start":{"line":179,"column":4},"end":{"line":182,"column":5}},"79":{"start":{"line":180,"column":6},"end":{"line":180,"column":67}},"80":{"start":{"line":181,"column":6},"end":{"line":181,"column":70}},"81":{"start":{"line":184,"column":4},"end":{"line":184,"column":63}},"82":{"start":{"line":185,"column":4},"end":{"line":185,"column":70}},"83":{"start":{"line":187,"column":4},"end":{"line":187,"column":52}},"84":{"start":{"line":188,"column":4},"end":{"line":188,"column":51}},"85":{"start":{"line":193,"column":0},"end":{"line":212,"column":3}},"86":{"start":{"line":194,"column":2},"end":{"line":211,"column":3}},"87":{"start":{"line":195,"column":4},"end":{"line":195,"column":65}},"88":{"start":{"line":196,"column":22},"end":{"line":198,"column":6}},"89":{"start":{"line":199,"column":4},"end":{"line":202,"column":5}},"90":{"start":{"line":200,"column":6},"end":{"line":200,"column":67}},"91":{"start":{"line":201,"column":6},"end":{"line":201,"column":70}},"92":{"start":{"line":204,"column":4},"end":{"line":204,"column":63}},"93":{"start":{"line":205,"column":4},"end":{"line":207,"column":7}},"94":{"start":{"line":209,"column":4},"end":{"line":209,"column":52}},"95":{"start":{"line":210,"column":4},"end":{"line":210,"column":51}},"96":{"start":{"line":215,"column":0},"end":{"line":250,"column":3}},"97":{"start":{"line":216,"column":2},"end":{"line":249,"column":3}},"98":{"start":{"line":217,"column":4},"end":{"line":217,"column":66}},"99":{"start":{"line":218,"column":22},"end":{"line":222,"column":5}},"100":{"start":{"line":223,"column":4},"end":{"line":226,"column":5}},"101":{"start":{"line":224,"column":6},"end":{"line":224,"column":67}},"102":{"start":{"line":225,"column":6},"end":{"line":225,"column":70}},"103":{"start":{"line":228,"column":4},"end":{"line":228,"column":64}},"104":{"start":{"line":229,"column":4},"end":{"line":232,"column":7}},"105":{"start":{"line":233,"column":4},"end":{"line":245,"column":7}},"106":{"start":{"line":247,"column":4},"end":{"line":247,"column":52}},"107":{"start":{"line":248,"column":4},"end":{"line":248,"column":51}},"108":{"start":{"line":251,"column":0},"end":{"line":285,"column":3}},"109":{"start":{"line":252,"column":2},"end":{"line":284,"column":3}},"110":{"start":{"line":253,"column":21},"end":{"line":253,"column":40}},"111":{"start":{"line":256,"column":28},"end":{"line":258,"column":5}},"112":{"start":{"line":259,"column":4},"end":{"line":260,"column":62}},"113":{"start":{"line":260,"column":6},"end":{"line":260,"column":62}},"114":{"start":{"line":262,"column":30},"end":{"line":262,"column":58}},"115":{"start":{"line":263,"column":4},"end":{"line":264,"column":69}},"116":{"start":{"line":264,"column":6},"end":{"line":264,"column":69}},"117":{"start":{"line":267,"column":29},"end":{"line":274,"column":5}},"118":{"start":{"line":276,"column":4},"end":{"line":277,"column":63}},"119":{"start":{"line":277,"column":6},"end":{"line":277,"column":63}},"120":{"start":{"line":279,"column":22},"end":{"line":279,"column":51}},"121":{"start":{"line":280,"column":4},"end":{"line":280,"column":24}},"122":{"start":{"line":282,"column":4},"end":{"line":282,"column":62}},"123":{"start":{"line":283,"column":4},"end":{"line":283,"column":51}},"124":{"start":{"line":287,"column":0},"end":{"line":294,"column":3}},"125":{"start":{"line":288,"column":2},"end":{"line":293,"column":3}},"126":{"start":{"line":289,"column":28},"end":{"line":289,"column":76}},"127":{"start":{"line":290,"column":4},"end":{"line":290,"column":30}},"128":{"start":{"line":292,"column":4},"end":{"line":292,"column":49}},"129":{"start":{"line":299,"column":0},"end":{"line":299,"column":21}}},"fnMap":{"0":{"name":"(anonymous_0)","decl":{"start":{"line":31,"column":22},"end":{"line":31,"column":23}},"loc":{"start":{"line":31,"column":42},"end":{"line":97,"column":1}},"line":31},"1":{"name":"(anonymous_1)","decl":{"start":{"line":39,"column":13},"end":{"line":39,"column":14}},"loc":{"start":{"line":39,"column":19},"end":{"line":39,"column":23}},"line":39},"2":{"name":"(anonymous_2)","decl":{"start":{"line":42,"column":13},"end":{"line":42,"column":14}},"loc":{"start":{"line":42,"column":19},"end":{"line":42,"column":23}},"line":42},"3":{"name":"(anonymous_3)","decl":{"start":{"line":100,"column":36},"end":{"line":100,"column":37}},"loc":{"start":{"line":100,"column":56},"end":{"line":115,"column":1}},"line":100},"4":{"name":"(anonymous_4)","decl":{"start":{"line":116,"column":19},"end":{"line":116,"column":20}},"loc":{"start":{"line":116,"column":39},"end":{"line":127,"column":1}},"line":116},"5":{"name":"(anonymous_5)","decl":{"start":{"line":129,"column":19},"end":{"line":129,"column":20}},"loc":{"start":{"line":129,"column":39},"end":{"line":160,"column":1}},"line":129},"6":{"name":"(anonymous_6)","decl":{"start":{"line":163,"column":29},"end":{"line":163,"column":30}},"loc":{"start":{"line":163,"column":49},"end":{"line":190,"column":1}},"line":163},"7":{"name":"(anonymous_7)","decl":{"start":{"line":193,"column":32},"end":{"line":193,"column":33}},"loc":{"start":{"line":193,"column":52},"end":{"line":212,"column":1}},"line":193},"8":{"name":"(anonymous_8)","decl":{"start":{"line":215,"column":29},"end":{"line":215,"column":30}},"loc":{"start":{"line":215,"column":49},"end":{"line":250,"column":1}},"line":215},"9":{"name":"(anonymous_9)","decl":{"start":{"line":251,"column":43},"end":{"line":251,"column":44}},"loc":{"start":{"line":251,"column":63},"end":{"line":285,"column":1}},"line":251},"10":{"name":"(anonymous_10)","decl":{"start":{"line":287,"column":33},"end":{"line":287,"column":34}},"loc":{"start":{"line":287,"column":53},"end":{"line":294,"column":1}},"line":287}},"branchMap":{"0":{"loc":{"start":{"line":44,"column":4},"end":{"line":49,"column":5}},"type":"if","locations":[{"start":{"line":44,"column":4},"end":{"line":49,"column":5}},{"start":{},"end":{}}],"line":44},"1":{"loc":{"start":{"line":44,"column":8},"end":{"line":44,"column":46}},"type":"binary-expr","locations":[{"start":{"line":44,"column":8},"end":{"line":44,"column":23}},{"start":{"line":44,"column":27},"end":{"line":44,"column":46}}],"line":44},"2":{"loc":{"start":{"line":106,"column":4},"end":{"line":109,"column":5}},"type":"if","locations":[{"start":{"line":106,"column":4},"end":{"line":109,"column":5}},{"start":{},"end":{}}],"line":106},"3":{"loc":{"start":{"line":119,"column":4},"end":{"line":121,"column":5}},"type":"if","locations":[{"start":{"line":119,"column":4},"end":{"line":121,"column":5}},{"start":{},"end":{}}],"line":119},"4":{"loc":{"start":{"line":135,"column":6},"end":{"line":135,"column":38}},"type":"cond-expr","locations":[{"start":{"line":135,"column":14},"end":{"line":135,"column":23}},{"start":{"line":135,"column":26},"end":{"line":135,"column":38}}],"line":135},"5":{"loc":{"start":{"line":137,"column":4},"end":{"line":140,"column":5}},"type":"if","locations":[{"start":{"line":137,"column":4},"end":{"line":140,"column":5}},{"start":{},"end":{}}],"line":137},"6":{"loc":{"start":{"line":143,"column":4},"end":{"line":146,"column":5}},"type":"if","locations":[{"start":{"line":143,"column":4},"end":{"line":146,"column":5}},{"start":{},"end":{}}],"line":143},"7":{"loc":{"start":{"line":149,"column":4},"end":{"line":152,"column":5}},"type":"if","locations":[{"start":{"line":149,"column":4},"end":{"line":152,"column":5}},{"start":{},"end":{}}],"line":149},"8":{"loc":{"start":{"line":167,"column":27},"end":{"line":169,"column":17}},"type":"cond-expr","locations":[{"start":{"line":168,"column":8},"end":{"line":168,"column":39}},{"start":{"line":169,"column":8},"end":{"line":169,"column":17}}],"line":167},"9":{"loc":{"start":{"line":172,"column":4},"end":{"line":172,"column":61}},"type":"if","locations":[{"start":{"line":172,"column":4},"end":{"line":172,"column":61}},{"start":{},"end":{}}],"line":172},"10":{"loc":{"start":{"line":179,"column":4},"end":{"line":182,"column":5}},"type":"if","locations":[{"start":{"line":179,"column":4},"end":{"line":182,"column":5}},{"start":{},"end":{}}],"line":179},"11":{"loc":{"start":{"line":199,"column":4},"end":{"line":202,"column":5}},"type":"if","locations":[{"start":{"line":199,"column":4},"end":{"line":202,"column":5}},{"start":{},"end":{}}],"line":199},"12":{"loc":{"start":{"line":223,"column":4},"end":{"line":226,"column":5}},"type":"if","locations":[{"start":{"line":223,"column":4},"end":{"line":226,"column":5}},{"start":{},"end":{}}],"line":223},"13":{"loc":{"start":{"line":259,"column":4},"end":{"line":260,"column":62}},"type":"if","locations":[{"start":{"line":259,"column":4},"end":{"line":260,"column":62}},{"start":{},"end":{}}],"line":259},"14":{"loc":{"start":{"line":263,"column":4},"end":{"line":264,"column":69}},"type":"if","locations":[{"start":{"line":263,"column":4},"end":{"line":264,"column":69}},{"start":{},"end":{}}],"line":263},"15":{"loc":{"start":{"line":276,"column":4},"end":{"line":277,"column":63}},"type":"if","locations":[{"start":{"line":276,"column":4},"end":{"line":277,"column":63}},{"start":{},"end":{}}],"line":276}},"s":{"0":1,"1":1,"2":1,"3":1,"4":1,"5":1,"6":1,"7":1,"8":1,"9":1,"10":1,"11":1,"12":2,"13":2,"14":2,"15":2,"16":1,"17":2,"18":2,"19":2,"20":1,"21":1,"22":1,"23":1,"24":0,"25":0,"26":0,"27":0,"28":0,"29":0,"30":1,"31":1,"32":1,"33":3,"34":3,"35":3,"36":2,"37":1,"38":1,"39":1,"40":1,"41":1,"42":1,"43":2,"44":2,"45":1,"46":0,"47":1,"48":1,"49":1,"50":1,"51":6,"52":6,"53":6,"54":6,"55":5,"56":1,"57":1,"58":4,"59":1,"60":1,"61":3,"62":3,"63":1,"64":1,"65":2,"66":2,"67":1,"68":1,"69":1,"70":4,"71":4,"72":4,"73":4,"74":4,"75":4,"76":1,"77":4,"78":3,"79":1,"80":1,"81":2,"82":2,"83":1,"84":1,"85":1,"86":3,"87":3,"88":3,"89":2,"90":1,"91":1,"92":1,"93":1,"94":1,"95":1,"96":1,"97":3,"98":3,"99":3,"100":2,"101":1,"102":1,"103":1,"104":1,"105":1,"106":1,"107":1,"108":1,"109":3,"110":3,"111":3,"112":3,"113":1,"114":2,"115":2,"116":1,"117":1,"118":1,"119":0,"120":1,"121":1,"122":1,"123":1,"124":1,"125":2,"126":2,"127":1,"128":1,"129":1},"f":{"0":2,"1":1,"2":2,"3":3,"4":2,"5":6,"6":4,"7":3,"8":3,"9":3,"10":2},"b":{"0":[1,1],"1":[2,1],"2":[1,1],"3":[0,1],"4":[5,1],"5":[1,4],"6":[1,3],"7":[1,2],"8":[1,3],"9":[1,3],"10":[1,2],"11":[1,1],"12":[1,1],"13":[1,2],"14":[1,1],"15":[0,1]},"_coverageSchema":"1a1c01bbd47fc00a2c39e90264f33305004495a9","hash":"cfbfe9398584c11122c0db1c3c7066cbed3e9f7c"}
}
