TN:
SF:app.js
FN:31,(anonymous_0)
FN:39,(anonymous_1)
FN:42,(anonymous_2)
FN:100,(anonymous_3)
FN:116,(anonymous_4)
FN:129,(anonymous_5)
FN:163,(anonymous_6)
FN:193,(anonymous_7)
FN:215,(anonymous_8)
FN:251,(anonymous_9)
FN:287,(anonymous_10)
FNF:11
FNH:11
FNDA:2,(anonymous_0)
FNDA:1,(anonymous_1)
FNDA:2,(anonymous_2)
FNDA:3,(anonymous_3)
FNDA:2,(anonymous_4)
FNDA:6,(anonymous_5)
FNDA:4,(anonymous_6)
FNDA:3,(anonymous_7)
FNDA:3,(anonymous_8)
FNDA:3,(anonymous_9)
FNDA:2,(anonymous_10)
DA:1,1
DA:2,1
DA:3,1
DA:4,1
DA:5,1
DA:7,1
DA:8,1
DA:9,1
DA:11,1
DA:17,1
DA:26,1
DA:31,1
DA:32,2
DA:33,2
DA:34,2
DA:37,2
DA:39,1
DA:40,2
DA:42,2
DA:44,2
DA:45,1
DA:46,1
DA:52,1
DA:55,1
DA:63,0
DA:64,0
DA:67,0
DA:74,0
DA:89,0
DA:90,0
DA:94,1
DA:95,1
DA:100,1
DA:101,3
DA:102,3
DA:103,3
DA:106,2
DA:107,1
DA:108,1
DA:110,1
DA:112,1
DA:113,1
DA:116,1
DA:117,2
DA:118,2
DA:119,1
DA:120,0
DA:122,1
DA:124,1
DA:125,1
DA:129,1
DA:130,6
DA:131,6
DA:132,6
DA:134,6
DA:137,5
DA:138,1
DA:139,1
DA:143,4
DA:144,1
DA:145,1
DA:148,3
DA:149,3
DA:150,1
DA:151,1
DA:154,2
DA:155,2
DA:157,1
DA:158,1
DA:163,1
DA:164,4
DA:165,4
DA:166,4
DA:167,4
DA:171,4
DA:172,4
DA:174,4
DA:179,3
DA:180,1
DA:181,1
DA:184,2
DA:185,2
DA:187,1
DA:188,1
DA:193,1
DA:194,3
DA:195,3
DA:196,3
DA:199,2
DA:200,1
DA:201,1
DA:204,1
DA:205,1
DA:209,1
DA:210,1
DA:215,1
DA:216,3
DA:217,3
DA:218,3
DA:223,2
DA:224,1
DA:225,1
DA:228,1
DA:229,1
DA:233,1
DA:247,1
DA:248,1
DA:251,1
DA:252,3
DA:253,3
DA:256,3
DA:259,3
DA:260,1
DA:262,2
DA:263,2
DA:264,1
DA:267,1
DA:276,1
DA:277,0
DA:279,1
DA:280,1
DA:282,1
DA:283,1
DA:287,1
DA:288,2
DA:289,2
DA:290,1
DA:292,1
DA:299,1
LF:129
LH:121
BRDA:44,0,0,1
BRDA:44,0,1,1
BRDA:44,1,0,2
BRDA:44,1,1,1
BRDA:106,2,0,1
BRDA:106,2,1,1
BRDA:119,3,0,0
BRDA:119,3,1,1
BRDA:135,4,0,5
BRDA:135,4,1,1
BRDA:137,5,0,1
BRDA:137,5,1,4
BRDA:143,6,0,1
BRDA:143,6,1,3
BRDA:149,7,0,1
BRDA:149,7,1,2
BRDA:167,8,0,1
BRDA:167,8,1,3
BRDA:172,9,0,1
BRDA:172,9,1,3
BRDA:179,10,0,1
BRDA:179,10,1,2
BRDA:199,11,0,1
BRDA:199,11,1,1
BRDA:223,12,0,1
BRDA:223,12,1,1
BRDA:259,13,0,1
BRDA:259,13,1,2
BRDA:263,14,0,1
BRDA:263,14,1,1
BRDA:276,15,0,0
BRDA:276,15,1,1
BRF:32
BRH:30
end_of_record
