<?xml version="1.0" encoding="UTF-8"?>
<coverage generated="1746094368715" clover="3.2.0">
  <project timestamp="1746094368715" name="All files">
    <metrics statements="105" coveredstatements="103" conditionals="24" coveredconditionals="20" methods="7" coveredmethods="7" elements="136" coveredelements="130" complexity="0" loc="105" ncloc="105" packages="1" files="1" classes="1"/>
    <file name="app.js" path="C:\Users\USER\SE-EVENT-MANAGEMENT-SYSTEM\src\booking-service\app.js">
      <metrics statements="105" coveredstatements="103" conditionals="24" coveredconditionals="20" methods="7" coveredmethods="7"/>
      <line num="1" count="1" type="stmt"/>
      <line num="2" count="1" type="stmt"/>
      <line num="3" count="1" type="stmt"/>
      <line num="4" count="1" type="stmt"/>
      <line num="6" count="1" type="stmt"/>
      <line num="7" count="1" type="stmt"/>
      <line num="8" count="1" type="stmt"/>
      <line num="11" count="1" type="stmt"/>
      <line num="17" count="1" type="stmt"/>
      <line num="24" count="1" type="stmt"/>
      <line num="27" count="1" type="stmt"/>
      <line num="28" count="8" type="stmt"/>
      <line num="29" count="8" type="stmt"/>
      <line num="32" count="8" type="stmt"/>
      <line num="35" count="8" type="stmt"/>
      <line num="37" count="8" type="cond" truecount="2" falsecount="0"/>
      <line num="38" count="7" type="cond" truecount="2" falsecount="0"/>
      <line num="39" count="2" type="stmt"/>
      <line num="42" count="5" type="stmt"/>
      <line num="48" count="5" type="stmt"/>
      <line num="51" count="5" type="stmt"/>
      <line num="56" count="4" type="stmt"/>
      <line num="57" count="4" type="stmt"/>
      <line num="58" count="4" type="stmt"/>
      <line num="60" count="4" type="stmt"/>
      <line num="61" count="4" type="stmt"/>
      <line num="64" count="1" type="stmt"/>
      <line num="66" count="1" type="stmt"/>
      <line num="67" count="1" type="stmt"/>
      <line num="68" count="1" type="stmt"/>
      <line num="70" count="3" type="stmt"/>
      <line num="71" count="3" type="stmt"/>
      <line num="75" count="1" type="cond" truecount="1" falsecount="1"/>
      <line num="76" count="1" type="stmt"/>
      <line num="92" count="1" type="stmt"/>
      <line num="97" count="1" type="stmt"/>
      <line num="100" count="1" type="stmt"/>
      <line num="101" count="1" type="stmt"/>
      <line num="104" count="1" type="stmt"/>
      <line num="108" count="1" type="stmt"/>
      <line num="113" count="1" type="stmt"/>
      <line num="114" count="1" type="stmt"/>
      <line num="119" count="1" type="stmt"/>
      <line num="120" count="3" type="stmt"/>
      <line num="121" count="3" type="stmt"/>
      <line num="122" count="3" type="cond" truecount="2" falsecount="0"/>
      <line num="125" count="2" type="stmt"/>
      <line num="128" count="2" type="stmt"/>
      <line num="129" count="2" type="stmt"/>
      <line num="130" count="2" type="cond" truecount="1" falsecount="1"/>
      <line num="133" count="2" type="stmt"/>
      <line num="134" count="2" type="stmt"/>
      <line num="135" count="2" type="stmt"/>
      <line num="136" count="2" type="stmt"/>
      <line num="139" count="1" type="cond" truecount="1" falsecount="1"/>
      <line num="140" count="1" type="stmt"/>
      <line num="141" count="1" type="stmt"/>
      <line num="145" count="1" type="stmt"/>
      <line num="146" count="1" type="stmt"/>
      <line num="150" count="2" type="cond" truecount="2" falsecount="0"/>
      <line num="151" count="1" type="stmt"/>
      <line num="157" count="2" type="stmt"/>
      <line num="160" count="2" type="cond" truecount="1" falsecount="1"/>
      <line num="161" count="2" type="stmt"/>
      <line num="181" count="2" type="stmt"/>
      <line num="185" count="0" type="stmt"/>
      <line num="186" count="0" type="stmt"/>
      <line num="189" count="1" type="stmt"/>
      <line num="190" count="3" type="stmt"/>
      <line num="191" count="3" type="stmt"/>
      <line num="193" count="3" type="stmt"/>
      <line num="196" count="3" type="stmt"/>
      <line num="198" count="2" type="cond" truecount="2" falsecount="0"/>
      <line num="199" count="1" type="stmt"/>
      <line num="204" count="1" type="stmt"/>
      <line num="206" count="1" type="stmt"/>
      <line num="207" count="1" type="stmt"/>
      <line num="210" count="1" type="stmt"/>
      <line num="211" count="4" type="stmt"/>
      <line num="212" count="4" type="stmt"/>
      <line num="215" count="4" type="stmt"/>
      <line num="217" count="3" type="cond" truecount="2" falsecount="0"/>
      <line num="218" count="1" type="stmt"/>
      <line num="224" count="2" type="stmt"/>
      <line num="226" count="3" type="stmt"/>
      <line num="227" count="3" type="stmt"/>
      <line num="230" count="2" type="stmt"/>
      <line num="231" count="2" type="stmt"/>
      <line num="239" count="1" type="stmt"/>
      <line num="242" count="1" type="stmt"/>
      <line num="248" count="3" type="stmt"/>
      <line num="250" count="2" type="stmt"/>
      <line num="252" count="1" type="stmt"/>
      <line num="253" count="1" type="stmt"/>
      <line num="257" count="1" type="stmt"/>
      <line num="258" count="3" type="stmt"/>
      <line num="259" count="3" type="stmt"/>
      <line num="261" count="3" type="stmt"/>
      <line num="264" count="3" type="stmt"/>
      <line num="266" count="2" type="cond" truecount="2" falsecount="0"/>
      <line num="267" count="1" type="stmt"/>
      <line num="272" count="1" type="stmt"/>
      <line num="274" count="1" type="stmt"/>
      <line num="275" count="1" type="stmt"/>
      <line num="282" count="1" type="stmt"/>
    </file>
  </project>
</coverage>
