{"C:\\Users\\USER\\SE-EVENT-MANAGEMENT-SYSTEM\\src\\booking-service\\app.js": {"path":"C:\\Users\\USER\\SE-EVENT-MANAGEMENT-SYSTEM\\src\\booking-service\\app.js","statementMap":{"0":{"start":{"line":1,"column":16},"end":{"line":1,"column":34}},"1":{"start":{"line":2,"column":17},"end":{"line":2,"column":36}},"2":{"start":{"line":3,"column":14},"end":{"line":3,"column":30}},"3":{"start":{"line":4,"column":13},"end":{"line":4,"column":28}},"4":{"start":{"line":6,"column":12},"end":{"line":6,"column":21}},"5":{"start":{"line":7,"column":0},"end":{"line":7,"column":24}},"6":{"start":{"line":8,"column":0},"end":{"line":8,"column":16}},"7":{"start":{"line":11,"column":0},"end":{"line":14,"column":3}},"8":{"start":{"line":17,"column":22},"end":{"line":22,"column":2}},"9":{"start":{"line":24,"column":16},"end":{"line":24,"column":56}},"10":{"start":{"line":27,"column":0},"end":{"line":116,"column":3}},"11":{"start":{"line":28,"column":2},"end":{"line":115,"column":3}},"12":{"start":{"line":29,"column":66},"end":{"line":29,"column":74}},"13":{"start":{"line":32,"column":26},"end":{"line":34,"column":5}},"14":{"start":{"line":35,"column":18},"end":{"line":35,"column":36}},"15":{"start":{"line":37,"column":4},"end":{"line":37,"column":76}},"16":{"start":{"line":37,"column":16},"end":{"line":37,"column":76}},"17":{"start":{"line":38,"column":4},"end":{"line":39,"column":79}},"18":{"start":{"line":39,"column":6},"end":{"line":39,"column":79}},"19":{"start":{"line":42,"column":20},"end":{"line":47,"column":6}},"20":{"start":{"line":48,"column":4},"end":{"line":48,"column":25}},"21":{"start":{"line":51,"column":4},"end":{"line":53,"column":7}},"22":{"start":{"line":56,"column":20},"end":{"line":56,"column":22}},"23":{"start":{"line":57,"column":24},"end":{"line":57,"column":25}},"24":{"start":{"line":58,"column":15},"end":{"line":58,"column":17}},"25":{"start":{"line":60,"column":4},"end":{"line":72,"column":5}},"26":{"start":{"line":61,"column":27},"end":{"line":63,"column":7}},"27":{"start":{"line":64,"column":23},"end":{"line":64,"column":40}},"28":{"start":{"line":66,"column":6},"end":{"line":66,"column":33}},"29":{"start":{"line":67,"column":6},"end":{"line":67,"column":45}},"30":{"start":{"line":68,"column":6},"end":{"line":68,"column":27}},"31":{"start":{"line":70,"column":6},"end":{"line":70,"column":66}},"32":{"start":{"line":71,"column":6},"end":{"line":71,"column":74}},"33":{"start":{"line":75,"column":4},"end":{"line":90,"column":5}},"34":{"start":{"line":76,"column":6},"end":{"line":89,"column":9}},"35":{"start":{"line":92,"column":4},"end":{"line":96,"column":6}},"36":{"start":{"line":97,"column":4},"end":{"line":97,"column":59}},"37":{"start":{"line":100,"column":26},"end":{"line":100,"column":68}},"38":{"start":{"line":101,"column":4},"end":{"line":101,"column":56}},"39":{"start":{"line":104,"column":4},"end":{"line":106,"column":7}},"40":{"start":{"line":108,"column":4},"end":{"line":111,"column":7}},"41":{"start":{"line":113,"column":4},"end":{"line":113,"column":56}},"42":{"start":{"line":114,"column":4},"end":{"line":114,"column":51}},"43":{"start":{"line":119,"column":0},"end":{"line":188,"column":3}},"44":{"start":{"line":120,"column":2},"end":{"line":187,"column":3}},"45":{"start":{"line":121,"column":20},"end":{"line":121,"column":57}},"46":{"start":{"line":122,"column":4},"end":{"line":122,"column":80}},"47":{"start":{"line":122,"column":18},"end":{"line":122,"column":80}},"48":{"start":{"line":125,"column":29},"end":{"line":127,"column":5}},"49":{"start":{"line":128,"column":21},"end":{"line":128,"column":42}},"50":{"start":{"line":129,"column":22},"end":{"line":129,"column":37}},"51":{"start":{"line":130,"column":21},"end":{"line":130,"column":49}},"52":{"start":{"line":133,"column":22},"end":{"line":133,"column":27}},"53":{"start":{"line":134,"column":25},"end":{"line":134,"column":26}},"54":{"start":{"line":135,"column":4},"end":{"line":147,"column":5}},"55":{"start":{"line":136,"column":28},"end":{"line":138,"column":7}},"56":{"start":{"line":139,"column":6},"end":{"line":143,"column":7}},"57":{"start":{"line":140,"column":8},"end":{"line":140,"column":27}},"58":{"start":{"line":141,"column":8},"end":{"line":142,"column":72}},"59":{"start":{"line":145,"column":6},"end":{"line":145,"column":66}},"60":{"start":{"line":146,"column":6},"end":{"line":146,"column":26}},"61":{"start":{"line":150,"column":4},"end":{"line":154,"column":5}},"62":{"start":{"line":151,"column":6},"end":{"line":153,"column":9}},"63":{"start":{"line":157,"column":4},"end":{"line":157,"column":51}},"64":{"start":{"line":160,"column":4},"end":{"line":179,"column":5}},"65":{"start":{"line":161,"column":6},"end":{"line":178,"column":9}},"66":{"start":{"line":181,"column":4},"end":{"line":183,"column":7}},"67":{"start":{"line":185,"column":4},"end":{"line":185,"column":54}},"68":{"start":{"line":186,"column":4},"end":{"line":186,"column":51}},"69":{"start":{"line":189,"column":0},"end":{"line":209,"column":3}},"70":{"start":{"line":190,"column":2},"end":{"line":208,"column":3}},"71":{"start":{"line":191,"column":24},"end":{"line":191,"column":34}},"72":{"start":{"line":193,"column":4},"end":{"line":193,"column":59}},"73":{"start":{"line":196,"column":21},"end":{"line":196,"column":61}},"74":{"start":{"line":198,"column":4},"end":{"line":202,"column":5}},"75":{"start":{"line":199,"column":6},"end":{"line":201,"column":64}},"76":{"start":{"line":204,"column":4},"end":{"line":204,"column":39}},"77":{"start":{"line":206,"column":4},"end":{"line":206,"column":60}},"78":{"start":{"line":207,"column":4},"end":{"line":207,"column":51}},"79":{"start":{"line":210,"column":0},"end":{"line":255,"column":3}},"80":{"start":{"line":211,"column":2},"end":{"line":254,"column":3}},"81":{"start":{"line":212,"column":24},"end":{"line":212,"column":34}},"82":{"start":{"line":215,"column":21},"end":{"line":215,"column":52}},"83":{"start":{"line":217,"column":4},"end":{"line":221,"column":5}},"84":{"start":{"line":218,"column":6},"end":{"line":220,"column":65}},"85":{"start":{"line":224,"column":26},"end":{"line":245,"column":5}},"86":{"start":{"line":226,"column":8},"end":{"line":243,"column":9}},"87":{"start":{"line":227,"column":27},"end":{"line":229,"column":11}},"88":{"start":{"line":230,"column":10},"end":{"line":230,"column":37}},"89":{"start":{"line":231,"column":10},"end":{"line":237,"column":12}},"90":{"start":{"line":239,"column":10},"end":{"line":241,"column":12}},"91":{"start":{"line":242,"column":10},"end":{"line":242,"column":22}},"92":{"start":{"line":248,"column":22},"end":{"line":248,"column":75}},"93":{"start":{"line":248,"column":57},"end":{"line":248,"column":74}},"94":{"start":{"line":250,"column":4},"end":{"line":250,"column":40}},"95":{"start":{"line":252,"column":4},"end":{"line":252,"column":71}},"96":{"start":{"line":253,"column":4},"end":{"line":253,"column":51}},"97":{"start":{"line":257,"column":0},"end":{"line":277,"column":3}},"98":{"start":{"line":258,"column":2},"end":{"line":276,"column":3}},"99":{"start":{"line":259,"column":25},"end":{"line":259,"column":35}},"100":{"start":{"line":261,"column":4},"end":{"line":261,"column":61}},"101":{"start":{"line":264,"column":21},"end":{"line":264,"column":53}},"102":{"start":{"line":266,"column":4},"end":{"line":270,"column":5}},"103":{"start":{"line":267,"column":6},"end":{"line":269,"column":63}},"104":{"start":{"line":272,"column":4},"end":{"line":272,"column":39}},"105":{"start":{"line":274,"column":4},"end":{"line":274,"column":72}},"106":{"start":{"line":275,"column":4},"end":{"line":275,"column":51}},"107":{"start":{"line":282,"column":0},"end":{"line":282,"column":21}}},"fnMap":{"0":{"name":"(anonymous_0)","decl":{"start":{"line":27,"column":20},"end":{"line":27,"column":21}},"loc":{"start":{"line":27,"column":40},"end":{"line":116,"column":1}},"line":27},"1":{"name":"(anonymous_1)","decl":{"start":{"line":119,"column":26},"end":{"line":119,"column":27}},"loc":{"start":{"line":119,"column":46},"end":{"line":188,"column":1}},"line":119},"2":{"name":"(anonymous_2)","decl":{"start":{"line":189,"column":34},"end":{"line":189,"column":35}},"loc":{"start":{"line":189,"column":54},"end":{"line":209,"column":1}},"line":189},"3":{"name":"(anonymous_3)","decl":{"start":{"line":210,"column":44},"end":{"line":210,"column":45}},"loc":{"start":{"line":210,"column":64},"end":{"line":255,"column":1}},"line":210},"4":{"name":"(anonymous_4)","decl":{"start":{"line":225,"column":19},"end":{"line":225,"column":20}},"loc":{"start":{"line":225,"column":38},"end":{"line":244,"column":7}},"line":225},"5":{"name":"(anonymous_5)","decl":{"start":{"line":248,"column":43},"end":{"line":248,"column":44}},"loc":{"start":{"line":248,"column":57},"end":{"line":248,"column":74}},"line":248},"6":{"name":"(anonymous_6)","decl":{"start":{"line":257,"column":47},"end":{"line":257,"column":48}},"loc":{"start":{"line":257,"column":67},"end":{"line":277,"column":1}},"line":257}},"branchMap":{"0":{"loc":{"start":{"line":37,"column":4},"end":{"line":37,"column":76}},"type":"if","locations":[{"start":{"line":37,"column":4},"end":{"line":37,"column":76}},{"start":{},"end":{}}],"line":37},"1":{"loc":{"start":{"line":38,"column":4},"end":{"line":39,"column":79}},"type":"if","locations":[{"start":{"line":38,"column":4},"end":{"line":39,"column":79}},{"start":{},"end":{}}],"line":38},"2":{"loc":{"start":{"line":75,"column":4},"end":{"line":90,"column":5}},"type":"if","locations":[{"start":{"line":75,"column":4},"end":{"line":90,"column":5}},{"start":{},"end":{}}],"line":75},"3":{"loc":{"start":{"line":122,"column":4},"end":{"line":122,"column":80}},"type":"if","locations":[{"start":{"line":122,"column":4},"end":{"line":122,"column":80}},{"start":{},"end":{}}],"line":122},"4":{"loc":{"start":{"line":130,"column":21},"end":{"line":130,"column":49}},"type":"binary-expr","locations":[{"start":{"line":130,"column":21},"end":{"line":130,"column":35}},{"start":{"line":130,"column":39},"end":{"line":130,"column":49}}],"line":130},"5":{"loc":{"start":{"line":139,"column":6},"end":{"line":143,"column":7}},"type":"if","locations":[{"start":{"line":139,"column":6},"end":{"line":143,"column":7}},{"start":{},"end":{}}],"line":139},"6":{"loc":{"start":{"line":150,"column":4},"end":{"line":154,"column":5}},"type":"if","locations":[{"start":{"line":150,"column":4},"end":{"line":154,"column":5}},{"start":{},"end":{}}],"line":150},"7":{"loc":{"start":{"line":160,"column":4},"end":{"line":179,"column":5}},"type":"if","locations":[{"start":{"line":160,"column":4},"end":{"line":179,"column":5}},{"start":{},"end":{}}],"line":160},"8":{"loc":{"start":{"line":170,"column":14},"end":{"line":172,"column":99}},"type":"cond-expr","locations":[{"start":{"line":171,"column":18},"end":{"line":171,"column":93}},{"start":{"line":172,"column":18},"end":{"line":172,"column":99}}],"line":170},"9":{"loc":{"start":{"line":198,"column":4},"end":{"line":202,"column":5}},"type":"if","locations":[{"start":{"line":198,"column":4},"end":{"line":202,"column":5}},{"start":{},"end":{}}],"line":198},"10":{"loc":{"start":{"line":217,"column":4},"end":{"line":221,"column":5}},"type":"if","locations":[{"start":{"line":217,"column":4},"end":{"line":221,"column":5}},{"start":{},"end":{}}],"line":217},"11":{"loc":{"start":{"line":266,"column":4},"end":{"line":270,"column":5}},"type":"if","locations":[{"start":{"line":266,"column":4},"end":{"line":270,"column":5}},{"start":{},"end":{}}],"line":266}},"s":{"0":1,"1":1,"2":1,"3":1,"4":1,"5":1,"6":1,"7":1,"8":1,"9":1,"10":1,"11":8,"12":8,"13":8,"14":8,"15":8,"16":1,"17":7,"18":2,"19":5,"20":5,"21":5,"22":4,"23":4,"24":4,"25":4,"26":4,"27":1,"28":1,"29":1,"30":1,"31":3,"32":3,"33":1,"34":1,"35":1,"36":1,"37":1,"38":1,"39":1,"40":1,"41":1,"42":1,"43":1,"44":3,"45":3,"46":3,"47":1,"48":2,"49":2,"50":2,"51":2,"52":2,"53":2,"54":2,"55":2,"56":1,"57":1,"58":1,"59":1,"60":1,"61":2,"62":1,"63":2,"64":2,"65":2,"66":2,"67":0,"68":0,"69":1,"70":3,"71":3,"72":3,"73":3,"74":2,"75":1,"76":1,"77":1,"78":1,"79":1,"80":4,"81":4,"82":4,"83":3,"84":1,"85":2,"86":3,"87":3,"88":2,"89":2,"90":1,"91":1,"92":2,"93":3,"94":2,"95":1,"96":1,"97":1,"98":3,"99":3,"100":3,"101":3,"102":2,"103":1,"104":1,"105":1,"106":1,"107":1},"f":{"0":8,"1":3,"2":3,"3":4,"4":3,"5":3,"6":3},"b":{"0":[1,7],"1":[2,5],"2":[1,0],"3":[1,2],"4":[2,0],"5":[1,0],"6":[1,1],"7":[2,0],"8":[1,1],"9":[1,1],"10":[1,2],"11":[1,1]},"_coverageSchema":"1a1c01bbd47fc00a2c39e90264f33305004495a9","hash":"452e93405d3a2a1d4b7ac851ca477e0d1c115689"}
}
