TN:
SF:app.js
FN:27,(anonymous_0)
FN:119,(anonymous_1)
FN:189,(anonymous_2)
FN:210,(anonymous_3)
FN:225,(anonymous_4)
FN:248,(anonymous_5)
FN:257,(anonymous_6)
FNF:7
FNH:7
FNDA:8,(anonymous_0)
FNDA:3,(anonymous_1)
FNDA:3,(anonymous_2)
FNDA:4,(anonymous_3)
FNDA:3,(anonymous_4)
FNDA:3,(anonymous_5)
FNDA:3,(anonymous_6)
DA:1,1
DA:2,1
DA:3,1
DA:4,1
DA:6,1
DA:7,1
DA:8,1
DA:11,1
DA:17,1
DA:24,1
DA:27,1
DA:28,8
DA:29,8
DA:32,8
DA:35,8
DA:37,8
DA:38,7
DA:39,2
DA:42,5
DA:48,5
DA:51,5
DA:56,4
DA:57,4
DA:58,4
DA:60,4
DA:61,4
DA:64,1
DA:66,1
DA:67,1
DA:68,1
DA:70,3
DA:71,3
DA:75,1
DA:76,1
DA:92,1
DA:97,1
DA:100,1
DA:101,1
DA:104,1
DA:108,1
DA:113,1
DA:114,1
DA:119,1
DA:120,3
DA:121,3
DA:122,3
DA:125,2
DA:128,2
DA:129,2
DA:130,2
DA:133,2
DA:134,2
DA:135,2
DA:136,2
DA:139,1
DA:140,1
DA:141,1
DA:145,1
DA:146,1
DA:150,2
DA:151,1
DA:157,2
DA:160,2
DA:161,2
DA:181,2
DA:185,0
DA:186,0
DA:189,1
DA:190,3
DA:191,3
DA:193,3
DA:196,3
DA:198,2
DA:199,1
DA:204,1
DA:206,1
DA:207,1
DA:210,1
DA:211,4
DA:212,4
DA:215,4
DA:217,3
DA:218,1
DA:224,2
DA:226,3
DA:227,3
DA:230,2
DA:231,2
DA:239,1
DA:242,1
DA:248,3
DA:250,2
DA:252,1
DA:253,1
DA:257,1
DA:258,3
DA:259,3
DA:261,3
DA:264,3
DA:266,2
DA:267,1
DA:272,1
DA:274,1
DA:275,1
DA:282,1
LF:105
LH:103
BRDA:37,0,0,1
BRDA:37,0,1,7
BRDA:38,1,0,2
BRDA:38,1,1,5
BRDA:75,2,0,1
BRDA:75,2,1,0
BRDA:122,3,0,1
BRDA:122,3,1,2
BRDA:130,4,0,2
BRDA:130,4,1,0
BRDA:139,5,0,1
BRDA:139,5,1,0
BRDA:150,6,0,1
BRDA:150,6,1,1
BRDA:160,7,0,2
BRDA:160,7,1,0
BRDA:170,8,0,1
BRDA:170,8,1,1
BRDA:198,9,0,1
BRDA:198,9,1,1
BRDA:217,10,0,1
BRDA:217,10,1,2
BRDA:266,11,0,1
BRDA:266,11,1,1
BRF:24
BRH:20
end_of_record
