{"C:\\Users\\USER\\SE-EVENT-MANAGEMENT-SYSTEM\\src\\user-service\\app.js": {"path":"C:\\Users\\USER\\SE-EVENT-MANAGEMENT-SYSTEM\\src\\user-service\\app.js","statementMap":{"0":{"start":{"line":1,"column":16},"end":{"line":1,"column":34}},"1":{"start":{"line":2,"column":17},"end":{"line":2,"column":36}},"2":{"start":{"line":3,"column":13},"end":{"line":3,"column":28}},"3":{"start":{"line":7,"column":12},"end":{"line":7,"column":21}},"4":{"start":{"line":8,"column":0},"end":{"line":8,"column":24}},"5":{"start":{"line":9,"column":0},"end":{"line":9,"column":16}},"6":{"start":{"line":11,"column":0},"end":{"line":14,"column":3}},"7":{"start":{"line":16,"column":19},"end":{"line":20,"column":2}},"8":{"start":{"line":22,"column":13},"end":{"line":22,"column":56}},"9":{"start":{"line":23,"column":0},"end":{"line":23,"column":23}},"10":{"start":{"line":25,"column":0},"end":{"line":39,"column":3}},"11":{"start":{"line":26,"column":2},"end":{"line":38,"column":3}},"12":{"start":{"line":27,"column":38},"end":{"line":27,"column":46}},"13":{"start":{"line":28,"column":4},"end":{"line":28,"column":63}},"14":{"start":{"line":30,"column":17},"end":{"line":30,"column":52}},"15":{"start":{"line":31,"column":4},"end":{"line":31,"column":22}},"16":{"start":{"line":33,"column":4},"end":{"line":33,"column":50}},"17":{"start":{"line":34,"column":4},"end":{"line":34,"column":63}},"18":{"start":{"line":36,"column":4},"end":{"line":36,"column":58}},"19":{"start":{"line":37,"column":4},"end":{"line":37,"column":51}},"20":{"start":{"line":42,"column":0},"end":{"line":58,"column":3}},"21":{"start":{"line":43,"column":2},"end":{"line":57,"column":3}},"22":{"start":{"line":44,"column":4},"end":{"line":44,"column":67}},"23":{"start":{"line":46,"column":17},"end":{"line":46,"column":64}},"24":{"start":{"line":47,"column":4},"end":{"line":50,"column":5}},"25":{"start":{"line":48,"column":6},"end":{"line":48,"column":67}},"26":{"start":{"line":49,"column":6},"end":{"line":49,"column":65}},"27":{"start":{"line":52,"column":4},"end":{"line":52,"column":58}},"28":{"start":{"line":53,"column":4},"end":{"line":53,"column":31}},"29":{"start":{"line":55,"column":4},"end":{"line":55,"column":68}},"30":{"start":{"line":56,"column":4},"end":{"line":56,"column":51}},"31":{"start":{"line":61,"column":0},"end":{"line":77,"column":3}},"32":{"start":{"line":62,"column":2},"end":{"line":76,"column":3}},"33":{"start":{"line":63,"column":4},"end":{"line":63,"column":73}},"34":{"start":{"line":65,"column":17},"end":{"line":65,"column":70}},"35":{"start":{"line":66,"column":4},"end":{"line":69,"column":5}},"36":{"start":{"line":67,"column":6},"end":{"line":67,"column":73}},"37":{"start":{"line":68,"column":6},"end":{"line":68,"column":65}},"38":{"start":{"line":71,"column":4},"end":{"line":71,"column":61}},"39":{"start":{"line":72,"column":4},"end":{"line":72,"column":31}},"40":{"start":{"line":74,"column":4},"end":{"line":74,"column":71}},"41":{"start":{"line":75,"column":4},"end":{"line":75,"column":51}},"42":{"start":{"line":80,"column":0},"end":{"line":102,"column":3}},"43":{"start":{"line":81,"column":2},"end":{"line":101,"column":3}},"44":{"start":{"line":82,"column":4},"end":{"line":82,"column":57}},"45":{"start":{"line":84,"column":38},"end":{"line":84,"column":46}},"46":{"start":{"line":85,"column":17},"end":{"line":89,"column":5}},"47":{"start":{"line":91,"column":4},"end":{"line":94,"column":5}},"48":{"start":{"line":92,"column":6},"end":{"line":92,"column":65}},"49":{"start":{"line":93,"column":6},"end":{"line":93,"column":65}},"50":{"start":{"line":96,"column":4},"end":{"line":96,"column":52}},"51":{"start":{"line":97,"column":4},"end":{"line":97,"column":60}},"52":{"start":{"line":99,"column":4},"end":{"line":99,"column":52}},"53":{"start":{"line":100,"column":4},"end":{"line":100,"column":51}},"54":{"start":{"line":105,"column":0},"end":{"line":121,"column":3}},"55":{"start":{"line":106,"column":2},"end":{"line":120,"column":3}},"56":{"start":{"line":107,"column":4},"end":{"line":107,"column":60}},"57":{"start":{"line":109,"column":17},"end":{"line":109,"column":79}},"58":{"start":{"line":110,"column":4},"end":{"line":113,"column":5}},"59":{"start":{"line":111,"column":6},"end":{"line":111,"column":71}},"60":{"start":{"line":112,"column":6},"end":{"line":112,"column":65}},"61":{"start":{"line":115,"column":4},"end":{"line":115,"column":58}},"62":{"start":{"line":116,"column":4},"end":{"line":116,"column":54}},"63":{"start":{"line":118,"column":4},"end":{"line":118,"column":52}},"64":{"start":{"line":119,"column":4},"end":{"line":119,"column":51}},"65":{"start":{"line":125,"column":0},"end":{"line":125,"column":21}}},"fnMap":{"0":{"name":"(anonymous_0)","decl":{"start":{"line":25,"column":22},"end":{"line":25,"column":23}},"loc":{"start":{"line":25,"column":42},"end":{"line":39,"column":1}},"line":25},"1":{"name":"(anonymous_1)","decl":{"start":{"line":42,"column":30},"end":{"line":42,"column":31}},"loc":{"start":{"line":42,"column":50},"end":{"line":58,"column":1}},"line":42},"2":{"name":"(anonymous_2)","decl":{"start":{"line":61,"column":36},"end":{"line":61,"column":37}},"loc":{"start":{"line":61,"column":56},"end":{"line":77,"column":1}},"line":61},"3":{"name":"(anonymous_3)","decl":{"start":{"line":80,"column":23},"end":{"line":80,"column":24}},"loc":{"start":{"line":80,"column":43},"end":{"line":102,"column":1}},"line":80},"4":{"name":"(anonymous_4)","decl":{"start":{"line":105,"column":32},"end":{"line":105,"column":33}},"loc":{"start":{"line":105,"column":52},"end":{"line":121,"column":1}},"line":105}},"branchMap":{"0":{"loc":{"start":{"line":47,"column":4},"end":{"line":50,"column":5}},"type":"if","locations":[{"start":{"line":47,"column":4},"end":{"line":50,"column":5}},{"start":{},"end":{}}],"line":47},"1":{"loc":{"start":{"line":66,"column":4},"end":{"line":69,"column":5}},"type":"if","locations":[{"start":{"line":66,"column":4},"end":{"line":69,"column":5}},{"start":{},"end":{}}],"line":66},"2":{"loc":{"start":{"line":91,"column":4},"end":{"line":94,"column":5}},"type":"if","locations":[{"start":{"line":91,"column":4},"end":{"line":94,"column":5}},{"start":{},"end":{}}],"line":91},"3":{"loc":{"start":{"line":110,"column":4},"end":{"line":113,"column":5}},"type":"if","locations":[{"start":{"line":110,"column":4},"end":{"line":113,"column":5}},{"start":{},"end":{}}],"line":110}},"s":{"0":1,"1":1,"2":1,"3":1,"4":1,"5":1,"6":1,"7":1,"8":1,"9":1,"10":1,"11":1,"12":1,"13":1,"14":1,"15":1,"16":1,"17":1,"18":0,"19":0,"20":1,"21":2,"22":2,"23":2,"24":2,"25":1,"26":1,"27":1,"28":1,"29":0,"30":0,"31":1,"32":2,"33":2,"34":2,"35":2,"36":1,"37":1,"38":1,"39":1,"40":0,"41":0,"42":1,"43":2,"44":2,"45":2,"46":2,"47":1,"48":0,"49":0,"50":1,"51":1,"52":1,"53":1,"54":1,"55":2,"56":2,"57":2,"58":2,"59":1,"60":1,"61":1,"62":1,"63":0,"64":0,"65":1},"f":{"0":1,"1":2,"2":2,"3":2,"4":2},"b":{"0":[1,1],"1":[1,1],"2":[0,1],"3":[1,1]},"_coverageSchema":"1a1c01bbd47fc00a2c39e90264f33305004495a9","hash":"08dfd78e62b2762b992928faeee61df2104bbee6"}
}
