TN:
SF:app.js
FN:25,(anonymous_0)
FN:42,(anonymous_1)
FN:61,(anonymous_2)
FN:80,(anonymous_3)
FN:105,(anonymous_4)
FNF:5
FNH:5
FNDA:1,(anonymous_0)
FNDA:2,(anonymous_1)
FNDA:2,(anonymous_2)
FNDA:2,(anonymous_3)
FNDA:2,(anonymous_4)
DA:1,1
DA:2,1
DA:3,1
DA:7,1
DA:8,1
DA:9,1
DA:11,1
DA:16,1
DA:22,1
DA:23,1
DA:25,1
DA:26,1
DA:27,1
DA:28,1
DA:30,1
DA:31,1
DA:33,1
DA:34,1
DA:36,0
DA:37,0
DA:42,1
DA:43,2
DA:44,2
DA:46,2
DA:47,2
DA:48,1
DA:49,1
DA:52,1
DA:53,1
DA:55,0
DA:56,0
DA:61,1
DA:62,2
DA:63,2
DA:65,2
DA:66,2
DA:67,1
DA:68,1
DA:71,1
DA:72,1
DA:74,0
DA:75,0
DA:80,1
DA:81,2
DA:82,2
DA:84,2
DA:85,2
DA:91,1
DA:92,0
DA:93,0
DA:96,1
DA:97,1
DA:99,1
DA:100,1
DA:105,1
DA:106,2
DA:107,2
DA:109,2
DA:110,2
DA:111,1
DA:112,1
DA:115,1
DA:116,1
DA:118,0
DA:119,0
DA:125,1
LF:66
LH:56
BRDA:47,0,0,1
BRDA:47,0,1,1
BRDA:66,1,0,1
BRDA:66,1,1,1
BRDA:91,2,0,0
BRDA:91,2,1,1
BRDA:110,3,0,1
BRDA:110,3,1,1
BRF:8
BRH:7
end_of_record
