TN:
SF:app.js
FN:35,(anonymous_0)
FN:53,(anonymous_1)
FN:64,(anonymous_2)
FN:74,(anonymous_3)
FN:83,(anonymous_4)
FNF:5
FNH:5
FNDA:2,(anonymous_0)
FNDA:2,(anonymous_1)
FNDA:1,(anonymous_2)
FNDA:1,(anonymous_3)
FNDA:2,(anonymous_4)
DA:2,1
DA:3,1
DA:4,1
DA:5,1
DA:6,1
DA:7,1
DA:8,1
DA:9,1
DA:10,1
DA:12,1
DA:15,1
DA:21,1
DA:32,1
DA:35,1
DA:36,2
DA:37,2
DA:38,2
DA:45,2
DA:46,1
DA:48,1
DA:53,1
DA:54,2
DA:55,2
DA:56,2
DA:57,1
DA:59,1
DA:64,1
DA:65,1
DA:66,1
DA:67,1
DA:69,0
DA:74,1
DA:75,1
DA:76,1
DA:77,1
DA:78,1
DA:80,0
DA:83,1
DA:84,2
DA:85,2
DA:88,2
DA:90,2
DA:91,1
DA:95,1
DA:97,0
DA:106,1
LF:46
LH:43
BRDA:90,0,0,1
BRDA:90,0,1,1
BRF:2
BRH:2
end_of_record
