{"C:\\Users\\USER\\SE-EVENT-MANAGEMENT-SYSTEM\\src\\attendee-service\\app.js": {"path":"C:\\Users\\USER\\SE-EVENT-MANAGEMENT-SYSTEM\\src\\attendee-service\\app.js","statementMap":{"0":{"start":{"line":1,"column":16},"end":{"line":1,"column":34}},"1":{"start":{"line":2,"column":17},"end":{"line":2,"column":36}},"2":{"start":{"line":3,"column":15},"end":{"line":3,"column":32}},"3":{"start":{"line":4,"column":14},"end":{"line":4,"column":30}},"4":{"start":{"line":5,"column":13},"end":{"line":5,"column":28}},"5":{"start":{"line":6,"column":15},"end":{"line":6,"column":32}},"6":{"start":{"line":7,"column":12},"end":{"line":7,"column":21}},"7":{"start":{"line":8,"column":0},"end":{"line":8,"column":24}},"8":{"start":{"line":9,"column":0},"end":{"line":9,"column":16}},"9":{"start":{"line":11,"column":0},"end":{"line":14,"column":3}},"10":{"start":{"line":16,"column":23},"end":{"line":23,"column":2}},"11":{"start":{"line":25,"column":17},"end":{"line":25,"column":59}},"12":{"start":{"line":29,"column":0},"end":{"line":100,"column":3}},"13":{"start":{"line":30,"column":2},"end":{"line":99,"column":3}},"14":{"start":{"line":31,"column":55},"end":{"line":31,"column":63}},"15":{"start":{"line":32,"column":4},"end":{"line":32,"column":66}},"16":{"start":{"line":35,"column":22},"end":{"line":37,"column":24}},"17":{"start":{"line":37,"column":19},"end":{"line":37,"column":23}},"18":{"start":{"line":38,"column":26},"end":{"line":40,"column":24}},"19":{"start":{"line":40,"column":19},"end":{"line":40,"column":23}},"20":{"start":{"line":42,"column":4},"end":{"line":47,"column":5}},"21":{"start":{"line":43,"column":6},"end":{"line":43,"column":76}},"22":{"start":{"line":44,"column":6},"end":{"line":46,"column":63}},"23":{"start":{"line":50,"column":27},"end":{"line":50,"column":58}},"24":{"start":{"line":53,"column":21},"end":{"line":59,"column":6}},"25":{"start":{"line":61,"column":4},"end":{"line":61,"column":61}},"26":{"start":{"line":62,"column":4},"end":{"line":62,"column":26}},"27":{"start":{"line":63,"column":4},"end":{"line":63,"column":60}},"28":{"start":{"line":66,"column":4},"end":{"line":70,"column":7}},"29":{"start":{"line":73,"column":4},"end":{"line":90,"column":7}},"30":{"start":{"line":92,"column":4},"end":{"line":92,"column":50}},"31":{"start":{"line":93,"column":4},"end":{"line":95,"column":70}},"32":{"start":{"line":97,"column":4},"end":{"line":97,"column":61}},"33":{"start":{"line":98,"column":4},"end":{"line":98,"column":53}},"34":{"start":{"line":103,"column":0},"end":{"line":126,"column":3}},"35":{"start":{"line":104,"column":2},"end":{"line":125,"column":3}},"36":{"start":{"line":105,"column":42},"end":{"line":105,"column":50}},"37":{"start":{"line":106,"column":4},"end":{"line":106,"column":59}},"38":{"start":{"line":108,"column":21},"end":{"line":108,"column":77}},"39":{"start":{"line":109,"column":4},"end":{"line":112,"column":5}},"40":{"start":{"line":110,"column":6},"end":{"line":110,"column":55}},"41":{"start":{"line":111,"column":6},"end":{"line":111,"column":69}},"42":{"start":{"line":114,"column":20},"end":{"line":114,"column":69}},"43":{"start":{"line":115,"column":4},"end":{"line":118,"column":5}},"44":{"start":{"line":116,"column":6},"end":{"line":116,"column":56}},"45":{"start":{"line":117,"column":6},"end":{"line":117,"column":70}},"46":{"start":{"line":120,"column":4},"end":{"line":120,"column":61}},"47":{"start":{"line":121,"column":4},"end":{"line":121,"column":67}},"48":{"start":{"line":123,"column":4},"end":{"line":123,"column":54}},"49":{"start":{"line":124,"column":4},"end":{"line":124,"column":51}},"50":{"start":{"line":129,"column":0},"end":{"line":191,"column":3}},"51":{"start":{"line":130,"column":2},"end":{"line":190,"column":3}},"52":{"start":{"line":131,"column":60},"end":{"line":131,"column":68}},"53":{"start":{"line":132,"column":25},"end":{"line":132,"column":35}},"54":{"start":{"line":134,"column":4},"end":{"line":134,"column":60}},"55":{"start":{"line":137,"column":29},"end":{"line":137,"column":65}},"56":{"start":{"line":139,"column":4},"end":{"line":142,"column":5}},"57":{"start":{"line":140,"column":6},"end":{"line":140,"column":68}},"58":{"start":{"line":141,"column":6},"end":{"line":141,"column":69}},"59":{"start":{"line":145,"column":4},"end":{"line":153,"column":5}},"60":{"start":{"line":146,"column":25},"end":{"line":148,"column":26}},"61":{"start":{"line":148,"column":21},"end":{"line":148,"column":25}},"62":{"start":{"line":149,"column":6},"end":{"line":152,"column":7}},"63":{"start":{"line":150,"column":8},"end":{"line":150,"column":69}},"64":{"start":{"line":151,"column":8},"end":{"line":151,"column":73}},"65":{"start":{"line":156,"column":27},"end":{"line":158,"column":17}},"66":{"start":{"line":161,"column":23},"end":{"line":161,"column":45}},"67":{"start":{"line":162,"column":4},"end":{"line":162,"column":61}},"68":{"start":{"line":162,"column":24},"end":{"line":162,"column":61}},"69":{"start":{"line":163,"column":4},"end":{"line":163,"column":78}},"70":{"start":{"line":163,"column":37},"end":{"line":163,"column":78}},"71":{"start":{"line":166,"column":28},"end":{"line":170,"column":5}},"72":{"start":{"line":172,"column":4},"end":{"line":172,"column":61}},"73":{"start":{"line":173,"column":17},"end":{"line":175,"column":5}},"74":{"start":{"line":176,"column":4},"end":{"line":176,"column":27}},"75":{"start":{"line":177,"column":4},"end":{"line":181,"column":7}},"76":{"start":{"line":182,"column":4},"end":{"line":184,"column":72}},"77":{"start":{"line":186,"column":4},"end":{"line":188,"column":6}},"78":{"start":{"line":189,"column":4},"end":{"line":189,"column":51}},"79":{"start":{"line":194,"column":0},"end":{"line":216,"column":3}},"80":{"start":{"line":195,"column":2},"end":{"line":215,"column":3}},"81":{"start":{"line":196,"column":21},"end":{"line":196,"column":40}},"82":{"start":{"line":197,"column":4},"end":{"line":197,"column":60}},"83":{"start":{"line":199,"column":21},"end":{"line":199,"column":66}},"84":{"start":{"line":200,"column":4},"end":{"line":203,"column":5}},"85":{"start":{"line":201,"column":6},"end":{"line":201,"column":68}},"86":{"start":{"line":202,"column":6},"end":{"line":202,"column":69}},"87":{"start":{"line":206,"column":4},"end":{"line":206,"column":67}},"88":{"start":{"line":207,"column":4},"end":{"line":207,"column":61}},"89":{"start":{"line":209,"column":4},"end":{"line":209,"column":58}},"90":{"start":{"line":211,"column":4},"end":{"line":213,"column":6}},"91":{"start":{"line":214,"column":4},"end":{"line":214,"column":51}},"92":{"start":{"line":218,"column":0},"end":{"line":234,"column":3}},"93":{"start":{"line":219,"column":2},"end":{"line":233,"column":3}},"94":{"start":{"line":220,"column":25},"end":{"line":220,"column":35}},"95":{"start":{"line":221,"column":4},"end":{"line":221,"column":62}},"96":{"start":{"line":223,"column":21},"end":{"line":223,"column":57}},"97":{"start":{"line":224,"column":4},"end":{"line":227,"column":5}},"98":{"start":{"line":225,"column":6},"end":{"line":225,"column":67}},"99":{"start":{"line":226,"column":6},"end":{"line":226,"column":69}},"100":{"start":{"line":228,"column":4},"end":{"line":228,"column":47}},"101":{"start":{"line":229,"column":4},"end":{"line":229,"column":35}},"102":{"start":{"line":231,"column":4},"end":{"line":231,"column":75}},"103":{"start":{"line":232,"column":4},"end":{"line":232,"column":51}},"104":{"start":{"line":237,"column":0},"end":{"line":253,"column":3}},"105":{"start":{"line":238,"column":2},"end":{"line":252,"column":3}},"106":{"start":{"line":239,"column":22},"end":{"line":239,"column":32}},"107":{"start":{"line":240,"column":4},"end":{"line":240,"column":56}},"108":{"start":{"line":242,"column":21},"end":{"line":242,"column":54}},"109":{"start":{"line":243,"column":4},"end":{"line":246,"column":5}},"110":{"start":{"line":244,"column":6},"end":{"line":244,"column":61}},"111":{"start":{"line":245,"column":6},"end":{"line":245,"column":69}},"112":{"start":{"line":248,"column":4},"end":{"line":248,"column":35}},"113":{"start":{"line":250,"column":4},"end":{"line":250,"column":72}},"114":{"start":{"line":251,"column":4},"end":{"line":251,"column":51}},"115":{"start":{"line":256,"column":2},"end":{"line":256,"column":23}}},"fnMap":{"0":{"name":"(anonymous_0)","decl":{"start":{"line":29,"column":22},"end":{"line":29,"column":23}},"loc":{"start":{"line":29,"column":42},"end":{"line":100,"column":1}},"line":29},"1":{"name":"(anonymous_1)","decl":{"start":{"line":37,"column":13},"end":{"line":37,"column":14}},"loc":{"start":{"line":37,"column":19},"end":{"line":37,"column":23}},"line":37},"2":{"name":"(anonymous_2)","decl":{"start":{"line":40,"column":13},"end":{"line":40,"column":14}},"loc":{"start":{"line":40,"column":19},"end":{"line":40,"column":23}},"line":40},"3":{"name":"(anonymous_3)","decl":{"start":{"line":103,"column":19},"end":{"line":103,"column":20}},"loc":{"start":{"line":103,"column":39},"end":{"line":126,"column":1}},"line":103},"4":{"name":"(anonymous_4)","decl":{"start":{"line":129,"column":29},"end":{"line":129,"column":30}},"loc":{"start":{"line":129,"column":49},"end":{"line":191,"column":1}},"line":129},"5":{"name":"(anonymous_5)","decl":{"start":{"line":148,"column":15},"end":{"line":148,"column":16}},"loc":{"start":{"line":148,"column":21},"end":{"line":148,"column":25}},"line":148},"6":{"name":"(anonymous_6)","decl":{"start":{"line":194,"column":32},"end":{"line":194,"column":33}},"loc":{"start":{"line":194,"column":52},"end":{"line":216,"column":1}},"line":194},"7":{"name":"(anonymous_7)","decl":{"start":{"line":218,"column":36},"end":{"line":218,"column":37}},"loc":{"start":{"line":218,"column":56},"end":{"line":234,"column":1}},"line":218},"8":{"name":"(anonymous_8)","decl":{"start":{"line":237,"column":30},"end":{"line":237,"column":31}},"loc":{"start":{"line":237,"column":50},"end":{"line":253,"column":1}},"line":237}},"branchMap":{"0":{"loc":{"start":{"line":42,"column":4},"end":{"line":47,"column":5}},"type":"if","locations":[{"start":{"line":42,"column":4},"end":{"line":47,"column":5}},{"start":{},"end":{}}],"line":42},"1":{"loc":{"start":{"line":42,"column":8},"end":{"line":42,"column":46}},"type":"binary-expr","locations":[{"start":{"line":42,"column":8},"end":{"line":42,"column":23}},{"start":{"line":42,"column":27},"end":{"line":42,"column":46}}],"line":42},"2":{"loc":{"start":{"line":106,"column":38},"end":{"line":106,"column":55}},"type":"binary-expr","locations":[{"start":{"line":106,"column":38},"end":{"line":106,"column":46}},{"start":{"line":106,"column":50},"end":{"line":106,"column":55}}],"line":106},"3":{"loc":{"start":{"line":108,"column":44},"end":{"line":108,"column":76}},"type":"cond-expr","locations":[{"start":{"line":108,"column":52},"end":{"line":108,"column":61}},{"start":{"line":108,"column":64},"end":{"line":108,"column":76}}],"line":108},"4":{"loc":{"start":{"line":109,"column":4},"end":{"line":112,"column":5}},"type":"if","locations":[{"start":{"line":109,"column":4},"end":{"line":112,"column":5}},{"start":{},"end":{}}],"line":109},"5":{"loc":{"start":{"line":115,"column":4},"end":{"line":118,"column":5}},"type":"if","locations":[{"start":{"line":115,"column":4},"end":{"line":118,"column":5}},{"start":{},"end":{}}],"line":115},"6":{"loc":{"start":{"line":120,"column":40},"end":{"line":120,"column":57}},"type":"binary-expr","locations":[{"start":{"line":120,"column":40},"end":{"line":120,"column":48}},{"start":{"line":120,"column":52},"end":{"line":120,"column":57}}],"line":120},"7":{"loc":{"start":{"line":139,"column":4},"end":{"line":142,"column":5}},"type":"if","locations":[{"start":{"line":139,"column":4},"end":{"line":142,"column":5}},{"start":{},"end":{}}],"line":139},"8":{"loc":{"start":{"line":145,"column":4},"end":{"line":153,"column":5}},"type":"if","locations":[{"start":{"line":145,"column":4},"end":{"line":153,"column":5}},{"start":{},"end":{}}],"line":145},"9":{"loc":{"start":{"line":145,"column":8},"end":{"line":145,"column":49}},"type":"binary-expr","locations":[{"start":{"line":145,"column":8},"end":{"line":145,"column":13}},{"start":{"line":145,"column":17},"end":{"line":145,"column":49}}],"line":145},"10":{"loc":{"start":{"line":149,"column":6},"end":{"line":152,"column":7}},"type":"if","locations":[{"start":{"line":149,"column":6},"end":{"line":152,"column":7}},{"start":{},"end":{}}],"line":149},"11":{"loc":{"start":{"line":156,"column":27},"end":{"line":158,"column":17}},"type":"cond-expr","locations":[{"start":{"line":157,"column":8},"end":{"line":157,"column":39}},{"start":{"line":158,"column":8},"end":{"line":158,"column":17}}],"line":156},"12":{"loc":{"start":{"line":162,"column":4},"end":{"line":162,"column":61}},"type":"if","locations":[{"start":{"line":162,"column":4},"end":{"line":162,"column":61}},{"start":{},"end":{}}],"line":162},"13":{"loc":{"start":{"line":163,"column":4},"end":{"line":163,"column":78}},"type":"if","locations":[{"start":{"line":163,"column":4},"end":{"line":163,"column":78}},{"start":{},"end":{}}],"line":163},"14":{"loc":{"start":{"line":200,"column":4},"end":{"line":203,"column":5}},"type":"if","locations":[{"start":{"line":200,"column":4},"end":{"line":203,"column":5}},{"start":{},"end":{}}],"line":200},"15":{"loc":{"start":{"line":224,"column":4},"end":{"line":227,"column":5}},"type":"if","locations":[{"start":{"line":224,"column":4},"end":{"line":227,"column":5}},{"start":{},"end":{}}],"line":224},"16":{"loc":{"start":{"line":243,"column":4},"end":{"line":246,"column":5}},"type":"if","locations":[{"start":{"line":243,"column":4},"end":{"line":246,"column":5}},{"start":{},"end":{}}],"line":243}},"s":{"0":1,"1":1,"2":1,"3":1,"4":1,"5":1,"6":1,"7":1,"8":1,"9":1,"10":1,"11":1,"12":1,"13":9,"14":9,"15":9,"16":9,"17":1,"18":9,"19":1,"20":9,"21":2,"22":2,"23":7,"24":6,"25":6,"26":6,"27":6,"28":6,"29":5,"30":2,"31":2,"32":5,"33":5,"34":1,"35":5,"36":5,"37":5,"38":5,"39":4,"40":1,"41":1,"42":3,"43":3,"44":1,"45":1,"46":2,"47":2,"48":1,"49":1,"50":1,"51":10,"52":10,"53":10,"54":10,"55":10,"56":10,"57":1,"58":1,"59":9,"60":3,"61":1,"62":3,"63":1,"64":1,"65":8,"66":7,"67":7,"68":1,"69":7,"70":1,"71":7,"72":6,"73":6,"74":4,"75":4,"76":3,"77":5,"78":5,"79":1,"80":3,"81":3,"82":3,"83":3,"84":3,"85":1,"86":1,"87":2,"88":1,"89":1,"90":1,"91":1,"92":1,"93":3,"94":3,"95":3,"96":3,"97":2,"98":1,"99":1,"100":1,"101":1,"102":1,"103":1,"104":1,"105":3,"106":3,"107":3,"108":3,"109":2,"110":1,"111":1,"112":1,"113":1,"114":1,"115":1},"f":{"0":9,"1":1,"2":1,"3":5,"4":10,"5":1,"6":3,"7":3,"8":3},"b":{"0":[2,7],"1":[9,8],"2":[5,1],"3":[1,4],"4":[1,3],"5":[1,2],"6":[2,1],"7":[1,9],"8":[3,6],"9":[9,3],"10":[1,2],"11":[2,6],"12":[1,6],"13":[1,6],"14":[1,2],"15":[1,1],"16":[1,1]},"_coverageSchema":"1a1c01bbd47fc00a2c39e90264f33305004495a9","hash":"ec2a71a6ec84806bd0ea205661635c3cd336eccc"}
}
