TN:
SF:app.js
FN:29,(anonymous_0)
FN:37,(anonymous_1)
FN:40,(anonymous_2)
FN:103,(anonymous_3)
FN:129,(anonymous_4)
FN:148,(anonymous_5)
FN:194,(anonymous_6)
FN:218,(anonymous_7)
FN:237,(anonymous_8)
FNF:9
FNH:9
FNDA:9,(anonymous_0)
FNDA:1,(anonymous_1)
FNDA:1,(anonymous_2)
FNDA:5,(anonymous_3)
FNDA:10,(anonymous_4)
FNDA:1,(anonymous_5)
FNDA:3,(anonymous_6)
FNDA:3,(anonymous_7)
FNDA:3,(anonymous_8)
DA:1,1
DA:2,1
DA:3,1
DA:4,1
DA:5,1
DA:6,1
DA:7,1
DA:8,1
DA:9,1
DA:11,1
DA:16,1
DA:25,1
DA:29,1
DA:30,9
DA:31,9
DA:32,9
DA:35,9
DA:37,1
DA:38,9
DA:40,1
DA:42,9
DA:43,2
DA:44,2
DA:50,7
DA:53,6
DA:61,6
DA:62,6
DA:63,6
DA:66,6
DA:73,5
DA:92,2
DA:93,2
DA:97,5
DA:98,5
DA:103,1
DA:104,5
DA:105,5
DA:106,5
DA:108,5
DA:109,4
DA:110,1
DA:111,1
DA:114,3
DA:115,3
DA:116,1
DA:117,1
DA:120,2
DA:121,2
DA:123,1
DA:124,1
DA:129,1
DA:130,10
DA:131,10
DA:132,10
DA:134,10
DA:137,10
DA:139,10
DA:140,1
DA:141,1
DA:145,9
DA:146,3
DA:148,1
DA:149,3
DA:150,1
DA:151,1
DA:156,8
DA:161,7
DA:162,7
DA:163,7
DA:166,7
DA:172,6
DA:173,6
DA:176,4
DA:177,4
DA:182,3
DA:186,5
DA:189,5
DA:194,1
DA:195,3
DA:196,3
DA:197,3
DA:199,3
DA:200,3
DA:201,1
DA:202,1
DA:206,2
DA:207,1
DA:209,1
DA:211,1
DA:214,1
DA:218,1
DA:219,3
DA:220,3
DA:221,3
DA:223,3
DA:224,2
DA:225,1
DA:226,1
DA:228,1
DA:229,1
DA:231,1
DA:232,1
DA:237,1
DA:238,3
DA:239,3
DA:240,3
DA:242,3
DA:243,2
DA:244,1
DA:245,1
DA:248,1
DA:250,1
DA:251,1
DA:256,1
LF:114
LH:114
BRDA:42,0,0,2
BRDA:42,0,1,7
BRDA:42,1,0,9
BRDA:42,1,1,8
BRDA:106,2,0,5
BRDA:106,2,1,1
BRDA:108,3,0,1
BRDA:108,3,1,4
BRDA:109,4,0,1
BRDA:109,4,1,3
BRDA:115,5,0,1
BRDA:115,5,1,2
BRDA:120,6,0,2
BRDA:120,6,1,1
BRDA:139,7,0,1
BRDA:139,7,1,9
BRDA:145,8,0,3
BRDA:145,8,1,6
BRDA:145,9,0,9
BRDA:145,9,1,3
BRDA:149,10,0,1
BRDA:149,10,1,2
BRDA:156,11,0,2
BRDA:156,11,1,6
BRDA:162,12,0,1
BRDA:162,12,1,6
BRDA:163,13,0,1
BRDA:163,13,1,6
BRDA:200,14,0,1
BRDA:200,14,1,2
BRDA:224,15,0,1
BRDA:224,15,1,1
BRDA:243,16,0,1
BRDA:243,16,1,1
BRF:34
BRH:34
end_of_record
